22:01:09,375 - [main] DEBUG com.Technion.ie.BaseLine.CkyAlg  - [What, animal, do, buffalo, wings, come, from, ?]
22:01:25,119 - [main] INFO  com.Technion.ie.BaseLine.CkyAlg  - checking:pi(0,1,SBARQ) = q(SBARQ->,)
22:01:25,121 - [main] INFO  com.Technion.ie.BaseLine.CkyAlg  - Max Vaule for:pi(0,1,SBARQ) = [SBARQ,,]
22:01:25,122 - [main] INFO  com.Technion.ie.BaseLine.CkyAlg  - value for pi(0,1,SBARQ) :is-1.0
22:01:26,906 - [main] INFO  com.Technion.ie.BaseLine.CkyAlg  - checking:pi(0,1,SQ) = q(SQ->,)
22:01:26,908 - [main] INFO  com.Technion.ie.BaseLine.CkyAlg  - Max Vaule for:pi(0,1,SQ) = [SQ,,]
22:01:26,909 - [main] INFO  com.Technion.ie.BaseLine.CkyAlg  - value for pi(0,1,SQ) :is-1.0
22:01:26,931 - [main] INFO  com.Technion.ie.BaseLine.CkyAlg  - checking:pi(0,1,WHADVP) = q(WHADVP->,)
22:01:26,932 - [main] INFO  com.Technion.ie.BaseLine.CkyAlg  - Max Vaule for:pi(0,1,WHADVP) = [WHADVP,,]
22:01:26,934 - [main] INFO  com.Technion.ie.BaseLine.CkyAlg  - value for pi(0,1,WHADVP) :is-1.0
22:01:26,951 - [main] INFO  com.Technion.ie.BaseLine.CkyAlg  - checking:pi(0,1,WHADJP) = q(WHADJP->,)
22:01:26,953 - [main] INFO  com.Technion.ie.BaseLine.CkyAlg  - Max Vaule for:pi(0,1,WHADJP) = [WHADJP,,]
22:01:26,954 - [main] INFO  com.Technion.ie.BaseLine.CkyAlg  - value for pi(0,1,WHADJP) :is-1.0
22:01:27,042 - [main] INFO  com.Technion.ie.BaseLine.CkyAlg  - checking:pi(0,1,WHNP) = q(WHNP->DET,NOUN)
22:01:27,044 - [main] INFO  com.Technion.ie.BaseLine.CkyAlg  - Max Vaule for:pi(0,1,WHNP) = [WHNP,[DET,What],[NOUN,animal]]
22:01:27,046 - [main] INFO  com.Technion.ie.BaseLine.CkyAlg  - value for pi(0,1,WHNP) :is1.0353409123558571E-4
22:01:27,060 - [main] INFO  com.Technion.ie.BaseLine.CkyAlg  - checking:pi(0,1,WHNP+WHNP) = q(WHNP+WHNP->,)
22:01:27,061 - [main] INFO  com.Technion.ie.BaseLine.CkyAlg  - Max Vaule for:pi(0,1,WHNP+WHNP) = [WHNP+WHNP,,]
22:01:27,063 - [main] INFO  com.Technion.ie.BaseLine.CkyAlg  - value for pi(0,1,WHNP+WHNP) :is-1.0
22:01:27,108 - [main] INFO  com.Technion.ie.BaseLine.CkyAlg  - checking:pi(0,1,SBAR) = q(SBAR->,)
22:01:27,110 - [main] INFO  com.Technion.ie.BaseLine.CkyAlg  - Max Vaule for:pi(0,1,SBAR) = [SBAR,,]
22:01:27,111 - [main] INFO  com.Technion.ie.BaseLine.CkyAlg  - value for pi(0,1,SBAR) :is-1.0
22:01:27,119 - [main] INFO  com.Technion.ie.BaseLine.CkyAlg  - checking:pi(0,1,.) = q(.->,)
22:01:27,121 - [main] INFO  com.Technion.ie.BaseLine.CkyAlg  - Max Vaule for:pi(0,1,.) = [.,,]
22:01:27,122 - [main] INFO  com.Technion.ie.BaseLine.CkyAlg  - value for pi(0,1,.) :is-1.0
22:01:27,216 - [main] INFO  com.Technion.ie.BaseLine.CkyAlg  - checking:pi(1,2,SBARQ) = q(SBARQ->,)
22:01:27,218 - [main] INFO  com.Technion.ie.BaseLine.CkyAlg  - Max Vaule for:pi(1,2,SBARQ) = [SBARQ,,]
22:01:27,220 - [main] INFO  com.Technion.ie.BaseLine.CkyAlg  - value for pi(1,2,SBARQ) :is-1.0
22:01:27,226 - [main] INFO  com.Technion.ie.BaseLine.CkyAlg  - checking:pi(0,1,WHNP+PRON) = q(WHNP+PRON->,)
22:01:27,227 - [main] INFO  com.Technion.ie.BaseLine.CkyAlg  - Max Vaule for:pi(0,1,WHNP+PRON) = [WHNP+PRON,,]
22:01:27,229 - [main] INFO  com.Technion.ie.BaseLine.CkyAlg  - value for pi(0,1,WHNP+PRON) :is-1.0
22:01:27,244 - [main] INFO  com.Technion.ie.BaseLine.CkyAlg  - checking:pi(0,1,WHNP+DET) = q(WHNP+DET->,)
22:01:27,245 - [main] INFO  com.Technion.ie.BaseLine.CkyAlg  - Max Vaule for:pi(0,1,WHNP+DET) = [WHNP+DET,,]
22:01:27,246 - [main] INFO  com.Technion.ie.BaseLine.CkyAlg  - value for pi(0,1,WHNP+DET) :is-1.0
22:01:27,254 - [main] INFO  com.Technion.ie.BaseLine.CkyAlg  - checking:pi(0,1,CONJ) = q(CONJ->,)
22:01:27,256 - [main] INFO  com.Technion.ie.BaseLine.CkyAlg  - Max Vaule for:pi(0,1,CONJ) = [CONJ,,]
22:01:27,258 - [main] INFO  com.Technion.ie.BaseLine.CkyAlg  - value for pi(0,1,CONJ) :is-1.0
22:01:27,580 - [main] INFO  com.Technion.ie.BaseLine.CkyAlg  - checking:pi(0,1,NP) = q(NP->DET,NOUN)
22:01:27,582 - [main] INFO  com.Technion.ie.BaseLine.CkyAlg  - Max Vaule for:pi(0,1,NP) = [NP,[DET,What],[NOUN,animal]]
22:01:27,584 - [main] INFO  com.Technion.ie.BaseLine.CkyAlg  - value for pi(0,1,NP) :is2.694651438448542E-5
22:01:27,605 - [main] INFO  com.Technion.ie.BaseLine.CkyAlg  - checking:pi(0,1,WHPP) = q(WHPP->,)
22:01:27,606 - [main] INFO  com.Technion.ie.BaseLine.CkyAlg  - Max Vaule for:pi(0,1,WHPP) = [WHPP,,]
22:01:27,607 - [main] INFO  com.Technion.ie.BaseLine.CkyAlg  - value for pi(0,1,WHPP) :is-1.0
22:01:27,616 - [main] INFO  com.Technion.ie.BaseLine.CkyAlg  - checking:pi(0,1,WHADVP+ADV) = q(WHADVP+ADV->,)
22:01:27,618 - [main] INFO  com.Technion.ie.BaseLine.CkyAlg  - Max Vaule for:pi(0,1,WHADVP+ADV) = [WHADVP+ADV,,]
22:01:27,619 - [main] INFO  com.Technion.ie.BaseLine.CkyAlg  - value for pi(0,1,WHADVP+ADV) :is-1.0
22:01:27,706 - [main] INFO  com.Technion.ie.BaseLine.CkyAlg  - checking:pi(0,1,PP) = q(PP->,)
22:01:27,708 - [main] INFO  com.Technion.ie.BaseLine.CkyAlg  - Max Vaule for:pi(0,1,PP) = [PP,,]
22:01:27,709 - [main] INFO  com.Technion.ie.BaseLine.CkyAlg  - value for pi(0,1,PP) :is-1.0
22:01:27,755 - [main] INFO  com.Technion.ie.BaseLine.CkyAlg  - checking:pi(0,1,SQ+VP) = q(SQ+VP->,)
22:01:27,756 - [main] INFO  com.Technion.ie.BaseLine.CkyAlg  - Max Vaule for:pi(0,1,SQ+VP) = [SQ+VP,,]
22:01:27,758 - [main] INFO  com.Technion.ie.BaseLine.CkyAlg  - value for pi(0,1,SQ+VP) :is-1.0
22:01:28,057 - [main] INFO  com.Technion.ie.BaseLine.CkyAlg  - checking:pi(0,1,VP) = q(VP->,)
22:01:28,059 - [main] INFO  com.Technion.ie.BaseLine.CkyAlg  - Max Vaule for:pi(0,1,VP) = [VP,,]
22:01:28,060 - [main] INFO  com.Technion.ie.BaseLine.CkyAlg  - value for pi(0,1,VP) :is-1.0
22:01:28,106 - [main] INFO  com.Technion.ie.BaseLine.CkyAlg  - checking:pi(1,2,SQ+VP) = q(SQ+VP->,)
22:01:28,107 - [main] INFO  com.Technion.ie.BaseLine.CkyAlg  - Max Vaule for:pi(1,2,SQ+VP) = [SQ+VP,,]
22:01:28,109 - [main] INFO  com.Technion.ie.BaseLine.CkyAlg  - value for pi(1,2,SQ+VP) :is-1.0
22:01:28,128 - [main] INFO  com.Technion.ie.BaseLine.CkyAlg  - checking:pi(0,2,SBARQ) = q(SBARQ->,)
22:01:28,129 - [main] INFO  com.Technion.ie.BaseLine.CkyAlg  - Max Vaule for:pi(0,2,SBARQ) = [SBARQ,,]
22:01:28,131 - [main] INFO  com.Technion.ie.BaseLine.CkyAlg  - value for pi(0,2,SBARQ) :is-1.0
22:01:30,934 - [main] INFO  com.Technion.ie.BaseLine.CkyAlg  - checking:pi(0,1,VERB) = q(VERB->,)
22:01:30,935 - [main] INFO  com.Technion.ie.BaseLine.CkyAlg  - Max Vaule for:pi(0,1,VERB) = [VERB,,]
22:01:30,937 - [main] INFO  com.Technion.ie.BaseLine.CkyAlg  - value for pi(0,1,VERB) :is-1.0
22:01:30,944 - [main] INFO  com.Technion.ie.BaseLine.CkyAlg  - checking:pi(0,1,ADVP+ADV) = q(ADVP+ADV->,)
22:01:30,946 - [main] INFO  com.Technion.ie.BaseLine.CkyAlg  - Max Vaule for:pi(0,1,ADVP+ADV) = [ADVP+ADV,,]
22:01:30,948 - [main] INFO  com.Technion.ie.BaseLine.CkyAlg  - value for pi(0,1,ADVP+ADV) :is-1.0
22:01:30,968 - [main] INFO  com.Technion.ie.BaseLine.CkyAlg  - checking:pi(0,1,NP+ADJ) = q(NP+ADJ->,)
22:01:30,970 - [main] INFO  com.Technion.ie.BaseLine.CkyAlg  - Max Vaule for:pi(0,1,NP+ADJ) = [NP+ADJ,,]
22:01:30,971 - [main] INFO  com.Technion.ie.BaseLine.CkyAlg  - value for pi(0,1,NP+ADJ) :is-1.0
22:01:30,979 - [main] INFO  com.Technion.ie.BaseLine.CkyAlg  - checking:pi(0,1,NP+NOUN) = q(NP+NOUN->,)
22:01:30,980 - [main] INFO  com.Technion.ie.BaseLine.CkyAlg  - Max Vaule for:pi(0,1,NP+NOUN) = [NP+NOUN,,]
22:01:30,981 - [main] INFO  com.Technion.ie.BaseLine.CkyAlg  - value for pi(0,1,NP+NOUN) :is-1.0
22:01:30,992 - [main] INFO  com.Technion.ie.BaseLine.CkyAlg  - checking:pi(0,1,NP+S) = q(NP+S->,)
22:01:30,993 - [main] INFO  com.Technion.ie.BaseLine.CkyAlg  - Max Vaule for:pi(0,1,NP+S) = [NP+S,,]
22:01:30,995 - [main] INFO  com.Technion.ie.BaseLine.CkyAlg  - value for pi(0,1,NP+S) :is-1.0
22:01:31,012 - [main] INFO  com.Technion.ie.BaseLine.CkyAlg  - checking:pi(0,1,NP+NP) = q(NP+NP->,)
22:01:31,014 - [main] INFO  com.Technion.ie.BaseLine.CkyAlg  - Max Vaule for:pi(0,1,NP+NP) = [NP+NP,,]
22:01:31,015 - [main] INFO  com.Technion.ie.BaseLine.CkyAlg  - value for pi(0,1,NP+NP) :is-1.0
22:01:31,023 - [main] INFO  com.Technion.ie.BaseLine.CkyAlg  - checking:pi(0,1,ADJP+ADJ) = q(ADJP+ADJ->,)
22:01:31,024 - [main] INFO  com.Technion.ie.BaseLine.CkyAlg  - Max Vaule for:pi(0,1,ADJP+ADJ) = [ADJP+ADJ,,]
22:01:31,026 - [main] INFO  com.Technion.ie.BaseLine.CkyAlg  - value for pi(0,1,ADJP+ADJ) :is-1.0
22:01:31,060 - [main] INFO  com.Technion.ie.BaseLine.CkyAlg  - checking:pi(0,1,NP+PRON) = q(NP+PRON->,)
22:01:31,061 - [main] INFO  com.Technion.ie.BaseLine.CkyAlg  - Max Vaule for:pi(0,1,NP+PRON) = [NP+PRON,,]
22:01:31,062 - [main] INFO  com.Technion.ie.BaseLine.CkyAlg  - value for pi(0,1,NP+PRON) :is-1.0
22:01:31,187 - [main] INFO  com.Technion.ie.BaseLine.CkyAlg  - checking:pi(0,1,ADJP) = q(ADJP->,)
22:01:31,189 - [main] INFO  com.Technion.ie.BaseLine.CkyAlg  - Max Vaule for:pi(0,1,ADJP) = [ADJP,,]
22:01:31,192 - [main] INFO  com.Technion.ie.BaseLine.CkyAlg  - value for pi(0,1,ADJP) :is-1.0
22:01:31,265 - [main] INFO  com.Technion.ie.BaseLine.CkyAlg  - checking:pi(0,1,NP+DET) = q(NP+DET->,)
22:01:31,267 - [main] INFO  com.Technion.ie.BaseLine.CkyAlg  - Max Vaule for:pi(0,1,NP+DET) = [NP+DET,,]
22:01:31,268 - [main] INFO  com.Technion.ie.BaseLine.CkyAlg  - value for pi(0,1,NP+DET) :is-1.0
22:01:31,358 - [main] INFO  com.Technion.ie.BaseLine.CkyAlg  - checking:pi(0,1,ADV) = q(ADV->,)
22:01:31,360 - [main] INFO  com.Technion.ie.BaseLine.CkyAlg  - Max Vaule for:pi(0,1,ADV) = [ADV,,]
22:01:31,361 - [main] INFO  com.Technion.ie.BaseLine.CkyAlg  - value for pi(0,1,ADV) :is-1.0
22:01:31,389 - [main] INFO  com.Technion.ie.BaseLine.CkyAlg  - checking:pi(0,1,VP+VERB) = q(VP+VERB->,)
22:01:31,390 - [main] INFO  com.Technion.ie.BaseLine.CkyAlg  - Max Vaule for:pi(0,1,VP+VERB) = [VP+VERB,,]
22:01:31,392 - [main] INFO  com.Technion.ie.BaseLine.CkyAlg  - value for pi(0,1,VP+VERB) :is-1.0
22:01:31,448 - [main] INFO  com.Technion.ie.BaseLine.CkyAlg  - checking:pi(0,1,NP+X) = q(NP+X->,)
22:01:31,450 - [main] INFO  com.Technion.ie.BaseLine.CkyAlg  - Max Vaule for:pi(0,1,NP+X) = [NP+X,,]
22:01:31,451 - [main] INFO  com.Technion.ie.BaseLine.CkyAlg  - value for pi(0,1,NP+X) :is-1.0
22:01:31,475 - [main] INFO  com.Technion.ie.BaseLine.CkyAlg  - checking:pi(0,2,SQ) = q(SQ->,)
22:01:31,477 - [main] INFO  com.Technion.ie.BaseLine.CkyAlg  - Max Vaule for:pi(0,2,SQ) = [SQ,,]
22:01:31,478 - [main] INFO  com.Technion.ie.BaseLine.CkyAlg  - value for pi(0,2,SQ) :is-1.0
22:01:31,520 - [main] INFO  com.Technion.ie.BaseLine.CkyAlg  - checking:pi(0,2,WHADVP) = q(WHADVP->,)
22:01:31,522 - [main] INFO  com.Technion.ie.BaseLine.CkyAlg  - Max Vaule for:pi(0,2,WHADVP) = [WHADVP,,]
22:01:31,523 - [main] INFO  com.Technion.ie.BaseLine.CkyAlg  - value for pi(0,2,WHADVP) :is-1.0
22:01:31,554 - [main] INFO  com.Technion.ie.BaseLine.CkyAlg  - checking:pi(0,2,WHADJP) = q(WHADJP->,)
22:01:31,555 - [main] INFO  com.Technion.ie.BaseLine.CkyAlg  - Max Vaule for:pi(0,2,WHADJP) = [WHADJP,,]
22:01:31,557 - [main] INFO  com.Technion.ie.BaseLine.CkyAlg  - value for pi(0,2,WHADJP) :is-1.0
22:01:31,900 - [main] INFO  com.Technion.ie.BaseLine.CkyAlg  - checking:pi(1,2,NP) = q(NP->NP+NOUN,VP+VERB)
22:01:31,902 - [main] INFO  com.Technion.ie.BaseLine.CkyAlg  - Max Vaule for:pi(1,2,NP) = [NP,[NP+NOUN,animal],[VP+VERB,do]]
22:01:31,904 - [main] INFO  com.Technion.ie.BaseLine.CkyAlg  - value for pi(1,2,NP) :is9.975543558390507E-9
22:01:31,909 - [main] INFO  com.Technion.ie.BaseLine.CkyAlg  - checking:pi(0,1,PRON) = q(PRON->,)
22:01:31,910 - [main] INFO  com.Technion.ie.BaseLine.CkyAlg  - Max Vaule for:pi(0,1,PRON) = [PRON,,]
22:01:31,912 - [main] INFO  com.Technion.ie.BaseLine.CkyAlg  - value for pi(0,1,PRON) :is-1.0
22:01:31,928 - [main] INFO  com.Technion.ie.BaseLine.CkyAlg  - checking:pi(0,1,ADJ) = q(ADJ->,)
22:01:31,929 - [main] INFO  com.Technion.ie.BaseLine.CkyAlg  - Max Vaule for:pi(0,1,ADJ) = [ADJ,,]
22:01:31,930 - [main] INFO  com.Technion.ie.BaseLine.CkyAlg  - value for pi(0,1,ADJ) :is-1.0
22:01:31,939 - [main] INFO  com.Technion.ie.BaseLine.CkyAlg  - checking:pi(0,1,NOUN) = q(NOUN->,)
22:01:31,942 - [main] INFO  com.Technion.ie.BaseLine.CkyAlg  - Max Vaule for:pi(0,1,NOUN) = [NOUN,,]
22:01:31,943 - [main] INFO  com.Technion.ie.BaseLine.CkyAlg  - value for pi(0,1,NOUN) :is-1.0
22:01:31,962 - [main] INFO  com.Technion.ie.BaseLine.CkyAlg  - checking:pi(1,2,NOUN) = q(NOUN->,)
22:01:31,964 - [main] INFO  com.Technion.ie.BaseLine.CkyAlg  - Max Vaule for:pi(1,2,NOUN) = [NOUN,,]
22:01:31,965 - [main] INFO  com.Technion.ie.BaseLine.CkyAlg  - value for pi(1,2,NOUN) :is-1.0
22:01:31,970 - [main] INFO  com.Technion.ie.BaseLine.CkyAlg  - checking:pi(0,1,DET) = q(DET->,)
22:01:31,972 - [main] INFO  com.Technion.ie.BaseLine.CkyAlg  - Max Vaule for:pi(0,1,DET) = [DET,,]
22:01:31,974 - [main] INFO  com.Technion.ie.BaseLine.CkyAlg  - value for pi(0,1,DET) :is-1.0
22:01:32,073 - [main] INFO  com.Technion.ie.BaseLine.CkyAlg  - checking:pi(1,2,WHNP) = q(WHNP->,)
22:01:32,074 - [main] INFO  com.Technion.ie.BaseLine.CkyAlg  - Max Vaule for:pi(1,2,WHNP) = [WHNP,,]
22:01:32,075 - [main] INFO  com.Technion.ie.BaseLine.CkyAlg  - value for pi(1,2,WHNP) :is-1.0
22:01:32,131 - [main] INFO  com.Technion.ie.BaseLine.CkyAlg  - checking:pi(1,2,S) = q(S->,)
22:01:32,133 - [main] INFO  com.Technion.ie.BaseLine.CkyAlg  - Max Vaule for:pi(1,2,S) = [S,,]
22:01:32,134 - [main] INFO  com.Technion.ie.BaseLine.CkyAlg  - value for pi(1,2,S) :is-1.0
22:01:32,177 - [main] INFO  com.Technion.ie.BaseLine.CkyAlg  - checking:pi(1,2,NP+NOUN) = q(NP+NOUN->,)
22:01:32,178 - [main] INFO  com.Technion.ie.BaseLine.CkyAlg  - Max Vaule for:pi(1,2,NP+NOUN) = [NP+NOUN,,]
22:01:32,180 - [main] INFO  com.Technion.ie.BaseLine.CkyAlg  - value for pi(1,2,NP+NOUN) :is-1.0
22:01:32,209 - [main] INFO  com.Technion.ie.BaseLine.CkyAlg  - checking:pi(0,2,WHNP) = q(WHNP->PRON,NP)
22:01:32,210 - [main] INFO  com.Technion.ie.BaseLine.CkyAlg  - Max Vaule for:pi(0,2,WHNP) = [WHNP,[PRON,What],[NP,[NP+NOUN,animal],[VP+VERB,do]]]
22:01:32,212 - [main] INFO  com.Technion.ie.BaseLine.CkyAlg  - value for pi(0,2,WHNP) :is3.602406369642911E-12
22:01:32,234 - [main] INFO  com.Technion.ie.BaseLine.CkyAlg  - checking:pi(0,2,WHNP+WHNP) = q(WHNP+WHNP->,)
22:01:32,236 - [main] INFO  com.Technion.ie.BaseLine.CkyAlg  - Max Vaule for:pi(0,2,WHNP+WHNP) = [WHNP+WHNP,,]
22:01:32,237 - [main] INFO  com.Technion.ie.BaseLine.CkyAlg  - value for pi(0,2,WHNP+WHNP) :is-1.0
22:01:32,301 - [main] INFO  com.Technion.ie.BaseLine.CkyAlg  - checking:pi(0,1,ADP) = q(ADP->,)
22:01:32,302 - [main] INFO  com.Technion.ie.BaseLine.CkyAlg  - Max Vaule for:pi(0,1,ADP) = [ADP,,]
22:01:32,303 - [main] INFO  com.Technion.ie.BaseLine.CkyAlg  - value for pi(0,1,ADP) :is-1.0
22:01:32,348 - [main] INFO  com.Technion.ie.BaseLine.CkyAlg  - checking:pi(1,2,S+VP) = q(S+VP->,)
22:01:32,349 - [main] INFO  com.Technion.ie.BaseLine.CkyAlg  - Max Vaule for:pi(1,2,S+VP) = [S+VP,,]
22:01:32,350 - [main] INFO  com.Technion.ie.BaseLine.CkyAlg  - value for pi(1,2,S+VP) :is-1.0
22:01:32,377 - [main] INFO  com.Technion.ie.BaseLine.CkyAlg  - checking:pi(0,2,SBAR) = q(SBAR->,)
22:01:32,378 - [main] INFO  com.Technion.ie.BaseLine.CkyAlg  - Max Vaule for:pi(0,2,SBAR) = [SBAR,,]
22:01:32,380 - [main] INFO  com.Technion.ie.BaseLine.CkyAlg  - value for pi(0,2,SBAR) :is-1.0
22:01:32,391 - [main] INFO  com.Technion.ie.BaseLine.CkyAlg  - checking:pi(0,2,.) = q(.->,)
22:01:32,392 - [main] INFO  com.Technion.ie.BaseLine.CkyAlg  - Max Vaule for:pi(0,2,.) = [.,,]
22:01:32,394 - [main] INFO  com.Technion.ie.BaseLine.CkyAlg  - value for pi(0,2,.) :is-1.0
22:01:32,629 - [main] INFO  com.Technion.ie.BaseLine.CkyAlg  - checking:pi(1,2,SQ) = q(SQ->NP+NOUN,VP+VERB)
22:01:32,631 - [main] INFO  com.Technion.ie.BaseLine.CkyAlg  - Max Vaule for:pi(1,2,SQ) = [SQ,[NP+NOUN,animal],[VP+VERB,do]]
22:01:32,632 - [main] INFO  com.Technion.ie.BaseLine.CkyAlg  - value for pi(1,2,SQ) :is3.230043613894614E-7
22:01:32,666 - [main] INFO  com.Technion.ie.BaseLine.CkyAlg  - checking:pi(1,2,WHADVP) = q(WHADVP->,)
22:01:32,668 - [main] INFO  com.Technion.ie.BaseLine.CkyAlg  - Max Vaule for:pi(1,2,WHADVP) = [WHADVP,,]
22:01:32,671 - [main] INFO  com.Technion.ie.BaseLine.CkyAlg  - value for pi(1,2,WHADVP) :is-1.0
22:01:32,704 - [main] INFO  com.Technion.ie.BaseLine.CkyAlg  - checking:pi(1,2,WHADJP) = q(WHADJP->,)
22:01:32,706 - [main] INFO  com.Technion.ie.BaseLine.CkyAlg  - Max Vaule for:pi(1,2,WHADJP) = [WHADJP,,]
22:01:32,709 - [main] INFO  com.Technion.ie.BaseLine.CkyAlg  - value for pi(1,2,WHADJP) :is-1.0
22:01:32,732 - [main] INFO  com.Technion.ie.BaseLine.CkyAlg  - checking:pi(1,2,WHNP+WHNP) = q(WHNP+WHNP->,)
22:01:32,734 - [main] INFO  com.Technion.ie.BaseLine.CkyAlg  - Max Vaule for:pi(1,2,WHNP+WHNP) = [WHNP+WHNP,,]
22:01:32,735 - [main] INFO  com.Technion.ie.BaseLine.CkyAlg  - value for pi(1,2,WHNP+WHNP) :is-1.0
22:01:32,791 - [main] INFO  com.Technion.ie.BaseLine.CkyAlg  - checking:pi(1,2,SBAR) = q(SBAR->,)
22:01:32,793 - [main] INFO  com.Technion.ie.BaseLine.CkyAlg  - Max Vaule for:pi(1,2,SBAR) = [SBAR,,]
22:01:32,794 - [main] INFO  com.Technion.ie.BaseLine.CkyAlg  - value for pi(1,2,SBAR) :is-1.0
22:01:32,803 - [main] INFO  com.Technion.ie.BaseLine.CkyAlg  - checking:pi(1,2,.) = q(.->,)
22:01:32,805 - [main] INFO  com.Technion.ie.BaseLine.CkyAlg  - Max Vaule for:pi(1,2,.) = [.,,]
22:01:32,806 - [main] INFO  com.Technion.ie.BaseLine.CkyAlg  - value for pi(1,2,.) :is-1.0
22:01:32,827 - [main] INFO  com.Technion.ie.BaseLine.CkyAlg  - checking:pi(1,2,WHNP+PRON) = q(WHNP+PRON->,)
22:01:32,829 - [main] INFO  com.Technion.ie.BaseLine.CkyAlg  - Max Vaule for:pi(1,2,WHNP+PRON) = [WHNP+PRON,,]
22:01:32,830 - [main] INFO  com.Technion.ie.BaseLine.CkyAlg  - value for pi(1,2,WHNP+PRON) :is-1.0
22:01:32,845 - [main] INFO  com.Technion.ie.BaseLine.CkyAlg  - checking:pi(1,2,WHNP+DET) = q(WHNP+DET->,)
22:01:32,846 - [main] INFO  com.Technion.ie.BaseLine.CkyAlg  - Max Vaule for:pi(1,2,WHNP+DET) = [WHNP+DET,,]
22:01:32,848 - [main] INFO  com.Technion.ie.BaseLine.CkyAlg  - value for pi(1,2,WHNP+DET) :is-1.0
22:01:32,857 - [main] INFO  com.Technion.ie.BaseLine.CkyAlg  - checking:pi(1,2,CONJ) = q(CONJ->,)
22:01:32,859 - [main] INFO  com.Technion.ie.BaseLine.CkyAlg  - Max Vaule for:pi(1,2,CONJ) = [CONJ,,]
22:01:32,860 - [main] INFO  com.Technion.ie.BaseLine.CkyAlg  - value for pi(1,2,CONJ) :is-1.0
22:01:32,894 - [main] INFO  com.Technion.ie.BaseLine.CkyAlg  - checking:pi(1,2,WHPP) = q(WHPP->,)
22:01:32,896 - [main] INFO  com.Technion.ie.BaseLine.CkyAlg  - Max Vaule for:pi(1,2,WHPP) = [WHPP,,]
22:01:32,897 - [main] INFO  com.Technion.ie.BaseLine.CkyAlg  - value for pi(1,2,WHPP) :is-1.0
22:01:32,906 - [main] INFO  com.Technion.ie.BaseLine.CkyAlg  - checking:pi(1,2,WHADVP+ADV) = q(WHADVP+ADV->,)
22:01:32,907 - [main] INFO  com.Technion.ie.BaseLine.CkyAlg  - Max Vaule for:pi(1,2,WHADVP+ADV) = [WHADVP+ADV,,]
22:01:32,908 - [main] INFO  com.Technion.ie.BaseLine.CkyAlg  - value for pi(1,2,WHADVP+ADV) :is-1.0
22:01:32,998 - [main] INFO  com.Technion.ie.BaseLine.CkyAlg  - checking:pi(1,2,PP) = q(PP->,)
22:01:33,000 - [main] INFO  com.Technion.ie.BaseLine.CkyAlg  - Max Vaule for:pi(1,2,PP) = [PP,,]
22:01:33,001 - [main] INFO  com.Technion.ie.BaseLine.CkyAlg  - value for pi(1,2,PP) :is-1.0
22:01:33,324 - [main] INFO  com.Technion.ie.BaseLine.CkyAlg  - checking:pi(1,2,VP) = q(VP->NP+NOUN,VP+VERB)
22:01:33,326 - [main] INFO  com.Technion.ie.BaseLine.CkyAlg  - Max Vaule for:pi(1,2,VP) = [VP,[NP+NOUN,animal],[VP+VERB,do]]
22:01:33,328 - [main] INFO  com.Technion.ie.BaseLine.CkyAlg  - value for pi(1,2,VP) :is2.989557356571202E-8
22:01:33,352 - [main] INFO  com.Technion.ie.BaseLine.CkyAlg  - checking:pi(1,3,SBARQ) = q(SBARQ->SQ,.)
22:01:33,353 - [main] INFO  com.Technion.ie.BaseLine.CkyAlg  - Max Vaule for:pi(1,3,SBARQ) = [SBARQ,[SQ,[NP+NOUN,animal],[VP+VERB,do]],[.,buffalo]]
22:01:33,356 - [main] INFO  com.Technion.ie.BaseLine.CkyAlg  - value for pi(1,3,SBARQ) :is4.692670344512567E-10
22:01:33,366 - [main] INFO  com.Technion.ie.BaseLine.CkyAlg  - checking:pi(0,2,WHNP+PRON) = q(WHNP+PRON->,)
22:01:33,368 - [main] INFO  com.Technion.ie.BaseLine.CkyAlg  - Max Vaule for:pi(0,2,WHNP+PRON) = [WHNP+PRON,,]
22:01:33,370 - [main] INFO  com.Technion.ie.BaseLine.CkyAlg  - value for pi(0,2,WHNP+PRON) :is-1.0
22:01:33,392 - [main] INFO  com.Technion.ie.BaseLine.CkyAlg  - checking:pi(0,2,WHNP+DET) = q(WHNP+DET->,)
22:01:33,393 - [main] INFO  com.Technion.ie.BaseLine.CkyAlg  - Max Vaule for:pi(0,2,WHNP+DET) = [WHNP+DET,,]
22:01:33,395 - [main] INFO  com.Technion.ie.BaseLine.CkyAlg  - value for pi(0,2,WHNP+DET) :is-1.0
22:01:33,406 - [main] INFO  com.Technion.ie.BaseLine.CkyAlg  - checking:pi(0,2,CONJ) = q(CONJ->,)
22:01:33,408 - [main] INFO  com.Technion.ie.BaseLine.CkyAlg  - Max Vaule for:pi(0,2,CONJ) = [CONJ,,]
22:01:33,409 - [main] INFO  com.Technion.ie.BaseLine.CkyAlg  - value for pi(0,2,CONJ) :is-1.0
22:01:33,541 - [main] INFO  com.Technion.ie.BaseLine.CkyAlg  - checking:pi(0,1,NP+NUM) = q(NP+NUM->,)
22:01:33,543 - [main] INFO  com.Technion.ie.BaseLine.CkyAlg  - Max Vaule for:pi(0,1,NP+NUM) = [NP+NUM,,]
22:01:33,544 - [main] INFO  com.Technion.ie.BaseLine.CkyAlg  - value for pi(0,1,NP+NUM) :is-1.0
22:01:33,558 - [main] INFO  com.Technion.ie.BaseLine.CkyAlg  - checking:pi(0,1,X) = q(X->,)
22:01:33,560 - [main] INFO  com.Technion.ie.BaseLine.CkyAlg  - Max Vaule for:pi(0,1,X) = [X,,]
22:01:33,561 - [main] INFO  com.Technion.ie.BaseLine.CkyAlg  - value for pi(0,1,X) :is-1.0
22:01:33,649 - [main] INFO  com.Technion.ie.BaseLine.CkyAlg  - checking:pi(1,2,X) = q(X->,)
22:01:33,651 - [main] INFO  com.Technion.ie.BaseLine.CkyAlg  - Max Vaule for:pi(1,2,X) = [X,,]
22:01:33,652 - [main] INFO  com.Technion.ie.BaseLine.CkyAlg  - value for pi(1,2,X) :is-1.0
22:01:33,676 - [main] INFO  com.Technion.ie.BaseLine.CkyAlg  - checking:pi(0,1,NUM) = q(NUM->,)
22:01:33,677 - [main] INFO  com.Technion.ie.BaseLine.CkyAlg  - Max Vaule for:pi(0,1,NUM) = [NUM,,]
22:01:33,678 - [main] INFO  com.Technion.ie.BaseLine.CkyAlg  - value for pi(0,1,NUM) :is-1.0
22:01:33,779 - [main] INFO  com.Technion.ie.BaseLine.CkyAlg  - checking:pi(0,1,QP) = q(QP->DET,NOUN)
22:01:33,781 - [main] INFO  com.Technion.ie.BaseLine.CkyAlg  - Max Vaule for:pi(0,1,QP) = [QP,[DET,What],[NOUN,animal]]
22:01:33,783 - [main] INFO  com.Technion.ie.BaseLine.CkyAlg  - value for pi(0,1,QP) :is3.1999401365045234E-5
22:01:33,947 - [main] INFO  com.Technion.ie.BaseLine.CkyAlg  - checking:pi(1,2,ADJ) = q(ADJ->,)
22:01:33,949 - [main] INFO  com.Technion.ie.BaseLine.CkyAlg  - Max Vaule for:pi(1,2,ADJ) = [ADJ,,]
22:01:33,950 - [main] INFO  com.Technion.ie.BaseLine.CkyAlg  - value for pi(1,2,ADJ) :is-1.0
22:01:34,002 - [main] INFO  com.Technion.ie.BaseLine.CkyAlg  - checking:pi(1,2,NUM) = q(NUM->,)
22:01:34,004 - [main] INFO  com.Technion.ie.BaseLine.CkyAlg  - Max Vaule for:pi(1,2,NUM) = [NUM,,]
22:01:34,005 - [main] INFO  com.Technion.ie.BaseLine.CkyAlg  - value for pi(1,2,NUM) :is-1.0
22:01:34,085 - [main] INFO  com.Technion.ie.BaseLine.CkyAlg  - checking:pi(1,2,PRT) = q(PRT->,)
22:01:34,087 - [main] INFO  com.Technion.ie.BaseLine.CkyAlg  - Max Vaule for:pi(1,2,PRT) = [PRT,,]
22:01:34,088 - [main] INFO  com.Technion.ie.BaseLine.CkyAlg  - value for pi(1,2,PRT) :is-1.0
22:01:34,125 - [main] INFO  com.Technion.ie.BaseLine.CkyAlg  - checking:pi(0,2,NP) = q(NP->,)
22:01:34,127 - [main] INFO  com.Technion.ie.BaseLine.CkyAlg  - Max Vaule for:pi(0,2,NP) = [NP,,]
22:01:34,128 - [main] INFO  com.Technion.ie.BaseLine.CkyAlg  - value for pi(0,2,NP) :is-1.0
22:01:34,153 - [main] INFO  com.Technion.ie.BaseLine.CkyAlg  - checking:pi(0,1,PRT) = q(PRT->,)
22:01:34,154 - [main] INFO  com.Technion.ie.BaseLine.CkyAlg  - Max Vaule for:pi(0,1,PRT) = [PRT,,]
22:01:34,156 - [main] INFO  com.Technion.ie.BaseLine.CkyAlg  - value for pi(0,1,PRT) :is-1.0
22:01:34,170 - [main] INFO  com.Technion.ie.BaseLine.CkyAlg  - checking:pi(0,2,WHPP) = q(WHPP->,)
22:01:34,171 - [main] INFO  com.Technion.ie.BaseLine.CkyAlg  - Max Vaule for:pi(0,2,WHPP) = [WHPP,,]
22:01:34,173 - [main] INFO  com.Technion.ie.BaseLine.CkyAlg  - value for pi(0,2,WHPP) :is-1.0
22:01:34,184 - [main] INFO  com.Technion.ie.BaseLine.CkyAlg  - checking:pi(0,2,WHADVP+ADV) = q(WHADVP+ADV->,)
22:01:34,185 - [main] INFO  com.Technion.ie.BaseLine.CkyAlg  - Max Vaule for:pi(0,2,WHADVP+ADV) = [WHADVP+ADV,,]
22:01:34,186 - [main] INFO  com.Technion.ie.BaseLine.CkyAlg  - value for pi(0,2,WHADVP+ADV) :is-1.0
22:01:34,371 - [main] INFO  com.Technion.ie.BaseLine.CkyAlg  - checking:pi(0,2,PP) = q(PP->,)
22:01:34,372 - [main] INFO  com.Technion.ie.BaseLine.CkyAlg  - Max Vaule for:pi(0,2,PP) = [PP,,]
22:01:34,374 - [main] INFO  com.Technion.ie.BaseLine.CkyAlg  - value for pi(0,2,PP) :is-1.0
22:01:34,461 - [main] INFO  com.Technion.ie.BaseLine.CkyAlg  - checking:pi(0,1,ADVP) = q(ADVP->,)
22:01:34,462 - [main] INFO  com.Technion.ie.BaseLine.CkyAlg  - Max Vaule for:pi(0,1,ADVP) = [ADVP,,]
22:01:34,463 - [main] INFO  com.Technion.ie.BaseLine.CkyAlg  - value for pi(0,1,ADVP) :is-1.0
22:01:34,496 - [main] INFO  com.Technion.ie.BaseLine.CkyAlg  - checking:pi(0,2,SQ+VP) = q(SQ+VP->,)
22:01:34,497 - [main] INFO  com.Technion.ie.BaseLine.CkyAlg  - Max Vaule for:pi(0,2,SQ+VP) = [SQ+VP,,]
22:01:34,499 - [main] INFO  com.Technion.ie.BaseLine.CkyAlg  - value for pi(0,2,SQ+VP) :is-1.0
22:01:34,599 - [main] INFO  com.Technion.ie.BaseLine.CkyAlg  - checking:pi(0,1,PRT+PRT) = q(PRT+PRT->,)
22:01:34,600 - [main] INFO  com.Technion.ie.BaseLine.CkyAlg  - Max Vaule for:pi(0,1,PRT+PRT) = [PRT+PRT,,]
22:01:34,602 - [main] INFO  com.Technion.ie.BaseLine.CkyAlg  - value for pi(0,1,PRT+PRT) :is-1.0
22:01:34,679 - [main] INFO  com.Technion.ie.BaseLine.CkyAlg  - checking:pi(0,1,PP+ADP) = q(PP+ADP->,)
22:01:34,681 - [main] INFO  com.Technion.ie.BaseLine.CkyAlg  - Max Vaule for:pi(0,1,PP+ADP) = [PP+ADP,,]
22:01:34,682 - [main] INFO  com.Technion.ie.BaseLine.CkyAlg  - value for pi(0,1,PP+ADP) :is-1.0
22:01:34,795 - [main] INFO  com.Technion.ie.BaseLine.CkyAlg  - checking:pi(0,1,S) = q(S->,)
22:01:34,796 - [main] INFO  com.Technion.ie.BaseLine.CkyAlg  - Max Vaule for:pi(0,1,S) = [S,,]
22:01:34,797 - [main] INFO  com.Technion.ie.BaseLine.CkyAlg  - value for pi(0,1,S) :is-1.0
22:01:34,957 - [main] INFO  com.Technion.ie.BaseLine.CkyAlg  - checking:pi(0,1,PP+PRT) = q(PP+PRT->,)
22:01:34,958 - [main] INFO  com.Technion.ie.BaseLine.CkyAlg  - Max Vaule for:pi(0,1,PP+PRT) = [PP+PRT,,]
22:01:34,960 - [main] INFO  com.Technion.ie.BaseLine.CkyAlg  - value for pi(0,1,PP+PRT) :is-1.0
22:01:35,204 - [main] INFO  com.Technion.ie.BaseLine.CkyAlg  - checking:pi(0,2,VP) = q(VP->,)
22:01:35,206 - [main] INFO  com.Technion.ie.BaseLine.CkyAlg  - Max Vaule for:pi(0,2,VP) = [VP,,]
22:01:35,207 - [main] INFO  com.Technion.ie.BaseLine.CkyAlg  - value for pi(0,2,VP) :is-1.0
22:01:35,221 - [main] INFO  com.Technion.ie.BaseLine.CkyAlg  - checking:pi(1,2,VERB) = q(VERB->,)
22:01:35,223 - [main] INFO  com.Technion.ie.BaseLine.CkyAlg  - Max Vaule for:pi(1,2,VERB) = [VERB,,]
22:01:35,224 - [main] INFO  com.Technion.ie.BaseLine.CkyAlg  - value for pi(1,2,VERB) :is-1.0
22:01:35,232 - [main] INFO  com.Technion.ie.BaseLine.CkyAlg  - checking:pi(1,2,ADVP+ADV) = q(ADVP+ADV->,)
22:01:35,233 - [main] INFO  com.Technion.ie.BaseLine.CkyAlg  - Max Vaule for:pi(1,2,ADVP+ADV) = [ADVP+ADV,,]
22:01:35,235 - [main] INFO  com.Technion.ie.BaseLine.CkyAlg  - value for pi(1,2,ADVP+ADV) :is-1.0
22:01:35,302 - [main] INFO  com.Technion.ie.BaseLine.CkyAlg  - checking:pi(1,2,ADVP) = q(ADVP->,)
22:01:35,303 - [main] INFO  com.Technion.ie.BaseLine.CkyAlg  - Max Vaule for:pi(1,2,ADVP) = [ADVP,,]
22:01:35,305 - [main] INFO  com.Technion.ie.BaseLine.CkyAlg  - value for pi(1,2,ADVP) :is-1.0
22:01:35,338 - [main] INFO  com.Technion.ie.BaseLine.CkyAlg  - checking:pi(1,3,SQ+VP) = q(SQ+VP->,)
22:01:35,339 - [main] INFO  com.Technion.ie.BaseLine.CkyAlg  - Max Vaule for:pi(1,3,SQ+VP) = [SQ+VP,,]
22:01:35,341 - [main] INFO  com.Technion.ie.BaseLine.CkyAlg  - value for pi(1,3,SQ+VP) :is-1.0
22:01:35,371 - [main] INFO  com.Technion.ie.BaseLine.CkyAlg  - checking:pi(0,3,SBARQ) = q(SBARQ->WHNP+PRON,SBARQ)
22:01:35,373 - [main] INFO  com.Technion.ie.BaseLine.CkyAlg  - Max Vaule for:pi(0,3,SBARQ) = [SBARQ,[WHNP+PRON,What],[SBARQ,[SQ,[NP+NOUN,animal],[VP+VERB,do]],[.,buffalo]]]
22:01:35,375 - [main] INFO  com.Technion.ie.BaseLine.CkyAlg  - value for pi(0,3,SBARQ) :is8.900315785350934E-11
22:01:37,910 - [main] INFO  com.Technion.ie.BaseLine.CkyAlg  - checking:pi(4,7,.) = q(.->,)
22:01:37,912 - [main] INFO  com.Technion.ie.BaseLine.CkyAlg  - Max Vaule for:pi(4,7,.) = [.,,]
22:01:37,913 - [main] INFO  com.Technion.ie.BaseLine.CkyAlg  - value for pi(4,7,.) :is-1.0
22:01:43,675 - [main] INFO  com.Technion.ie.BaseLine.CkyAlg  - checking:pi(0,2,VERB) = q(VERB->,)
22:01:43,677 - [main] INFO  com.Technion.ie.BaseLine.CkyAlg  - Max Vaule for:pi(0,2,VERB) = [VERB,,]
22:01:43,678 - [main] INFO  com.Technion.ie.BaseLine.CkyAlg  - value for pi(0,2,VERB) :is-1.0
22:01:43,689 - [main] INFO  com.Technion.ie.BaseLine.CkyAlg  - checking:pi(0,2,ADVP+ADV) = q(ADVP+ADV->,)
22:01:43,691 - [main] INFO  com.Technion.ie.BaseLine.CkyAlg  - Max Vaule for:pi(0,2,ADVP+ADV) = [ADVP+ADV,,]
22:01:43,692 - [main] INFO  com.Technion.ie.BaseLine.CkyAlg  - value for pi(0,2,ADVP+ADV) :is-1.0
22:01:43,723 - [main] INFO  com.Technion.ie.BaseLine.CkyAlg  - checking:pi(0,2,NP+ADJ) = q(NP+ADJ->,)
22:01:43,725 - [main] INFO  com.Technion.ie.BaseLine.CkyAlg  - Max Vaule for:pi(0,2,NP+ADJ) = [NP+ADJ,,]
22:01:43,726 - [main] INFO  com.Technion.ie.BaseLine.CkyAlg  - value for pi(0,2,NP+ADJ) :is-1.0
22:01:43,737 - [main] INFO  com.Technion.ie.BaseLine.CkyAlg  - checking:pi(0,2,NP+NOUN) = q(NP+NOUN->,)
22:01:43,739 - [main] INFO  com.Technion.ie.BaseLine.CkyAlg  - Max Vaule for:pi(0,2,NP+NOUN) = [NP+NOUN,,]
22:01:43,740 - [main] INFO  com.Technion.ie.BaseLine.CkyAlg  - value for pi(0,2,NP+NOUN) :is-1.0
22:01:43,757 - [main] INFO  com.Technion.ie.BaseLine.CkyAlg  - checking:pi(0,2,NP+S) = q(NP+S->,)
22:01:43,759 - [main] INFO  com.Technion.ie.BaseLine.CkyAlg  - Max Vaule for:pi(0,2,NP+S) = [NP+S,,]
22:01:43,760 - [main] INFO  com.Technion.ie.BaseLine.CkyAlg  - value for pi(0,2,NP+S) :is-1.0
22:01:43,794 - [main] INFO  com.Technion.ie.BaseLine.CkyAlg  - checking:pi(0,2,NP+NP) = q(NP+NP->,)
22:01:43,795 - [main] INFO  com.Technion.ie.BaseLine.CkyAlg  - Max Vaule for:pi(0,2,NP+NP) = [NP+NP,,]
22:01:43,797 - [main] INFO  com.Technion.ie.BaseLine.CkyAlg  - value for pi(0,2,NP+NP) :is-1.0
22:01:43,808 - [main] INFO  com.Technion.ie.BaseLine.CkyAlg  - checking:pi(0,2,ADJP+ADJ) = q(ADJP+ADJ->,)
22:01:43,809 - [main] INFO  com.Technion.ie.BaseLine.CkyAlg  - Max Vaule for:pi(0,2,ADJP+ADJ) = [ADJP+ADJ,,]
22:01:43,811 - [main] INFO  com.Technion.ie.BaseLine.CkyAlg  - value for pi(0,2,ADJP+ADJ) :is-1.0
22:01:43,860 - [main] INFO  com.Technion.ie.BaseLine.CkyAlg  - checking:pi(0,2,NP+PRON) = q(NP+PRON->,)
22:01:43,862 - [main] INFO  com.Technion.ie.BaseLine.CkyAlg  - Max Vaule for:pi(0,2,NP+PRON) = [NP+PRON,,]
22:01:43,863 - [main] INFO  com.Technion.ie.BaseLine.CkyAlg  - value for pi(0,2,NP+PRON) :is-1.0
22:01:44,098 - [main] INFO  com.Technion.ie.BaseLine.CkyAlg  - checking:pi(0,2,ADJP) = q(ADJP->,)
22:01:44,100 - [main] INFO  com.Technion.ie.BaseLine.CkyAlg  - Max Vaule for:pi(0,2,ADJP) = [ADJP,,]
22:01:44,101 - [main] INFO  com.Technion.ie.BaseLine.CkyAlg  - value for pi(0,2,ADJP) :is-1.0
22:01:44,181 - [main] INFO  com.Technion.ie.BaseLine.CkyAlg  - checking:pi(0,2,NP+DET) = q(NP+DET->,)
22:01:44,182 - [main] INFO  com.Technion.ie.BaseLine.CkyAlg  - Max Vaule for:pi(0,2,NP+DET) = [NP+DET,,]
22:01:44,184 - [main] INFO  com.Technion.ie.BaseLine.CkyAlg  - value for pi(0,2,NP+DET) :is-1.0
22:01:44,323 - [main] INFO  com.Technion.ie.BaseLine.CkyAlg  - checking:pi(0,2,ADV) = q(ADV->,)
22:01:44,324 - [main] INFO  com.Technion.ie.BaseLine.CkyAlg  - Max Vaule for:pi(0,2,ADV) = [ADV,,]
22:01:44,325 - [main] INFO  com.Technion.ie.BaseLine.CkyAlg  - value for pi(0,2,ADV) :is-1.0
22:01:44,365 - [main] INFO  com.Technion.ie.BaseLine.CkyAlg  - checking:pi(0,2,VP+VERB) = q(VP+VERB->,)
22:01:44,366 - [main] INFO  com.Technion.ie.BaseLine.CkyAlg  - Max Vaule for:pi(0,2,VP+VERB) = [VP+VERB,,]
22:01:44,368 - [main] INFO  com.Technion.ie.BaseLine.CkyAlg  - value for pi(0,2,VP+VERB) :is-1.0
22:01:44,446 - [main] INFO  com.Technion.ie.BaseLine.CkyAlg  - checking:pi(0,2,NP+X) = q(NP+X->,)
22:01:44,447 - [main] INFO  com.Technion.ie.BaseLine.CkyAlg  - Max Vaule for:pi(0,2,NP+X) = [NP+X,,]
22:01:44,448 - [main] INFO  com.Technion.ie.BaseLine.CkyAlg  - value for pi(0,2,NP+X) :is-1.0
22:01:44,479 - [main] INFO  com.Technion.ie.BaseLine.CkyAlg  - checking:pi(0,3,SQ) = q(SQ->,)
22:01:44,480 - [main] INFO  com.Technion.ie.BaseLine.CkyAlg  - Max Vaule for:pi(0,3,SQ) = [SQ,,]
22:01:44,482 - [main] INFO  com.Technion.ie.BaseLine.CkyAlg  - value for pi(0,3,SQ) :is-1.0
22:01:44,545 - [main] INFO  com.Technion.ie.BaseLine.CkyAlg  - checking:pi(0,3,WHADVP) = q(WHADVP->,)
22:01:44,546 - [main] INFO  com.Technion.ie.BaseLine.CkyAlg  - Max Vaule for:pi(0,3,WHADVP) = [WHADVP,,]
22:01:44,548 - [main] INFO  com.Technion.ie.BaseLine.CkyAlg  - value for pi(0,3,WHADVP) :is-1.0
22:01:44,590 - [main] INFO  com.Technion.ie.BaseLine.CkyAlg  - checking:pi(0,3,WHADJP) = q(WHADJP->,)
22:01:44,592 - [main] INFO  com.Technion.ie.BaseLine.CkyAlg  - Max Vaule for:pi(0,3,WHADJP) = [WHADJP,,]
22:01:44,593 - [main] INFO  com.Technion.ie.BaseLine.CkyAlg  - value for pi(0,3,WHADJP) :is-1.0
22:01:44,631 - [main] INFO  com.Technion.ie.BaseLine.CkyAlg  - checking:pi(2,3,PRT) = q(PRT->,)
22:01:44,632 - [main] INFO  com.Technion.ie.BaseLine.CkyAlg  - Max Vaule for:pi(2,3,PRT) = [PRT,,]
22:01:44,634 - [main] INFO  com.Technion.ie.BaseLine.CkyAlg  - value for pi(2,3,PRT) :is-1.0
22:01:44,722 - [main] INFO  com.Technion.ie.BaseLine.CkyAlg  - checking:pi(2,3,PP) = q(PP->,)
22:01:44,723 - [main] INFO  com.Technion.ie.BaseLine.CkyAlg  - Max Vaule for:pi(2,3,PP) = [PP,,]
22:01:44,724 - [main] INFO  com.Technion.ie.BaseLine.CkyAlg  - value for pi(2,3,PP) :is-1.0
22:01:44,740 - [main] INFO  com.Technion.ie.BaseLine.CkyAlg  - checking:pi(2,3,PP+ADP) = q(PP+ADP->,)
22:01:44,741 - [main] INFO  com.Technion.ie.BaseLine.CkyAlg  - Max Vaule for:pi(2,3,PP+ADP) = [PP+ADP,,]
22:01:44,743 - [main] INFO  com.Technion.ie.BaseLine.CkyAlg  - value for pi(2,3,PP+ADP) :is-1.0
22:01:44,752 - [main] INFO  com.Technion.ie.BaseLine.CkyAlg  - checking:pi(2,3,ADVP+ADV) = q(ADVP+ADV->,)
22:01:44,753 - [main] INFO  com.Technion.ie.BaseLine.CkyAlg  - Max Vaule for:pi(2,3,ADVP+ADV) = [ADVP+ADV,,]
22:01:44,755 - [main] INFO  com.Technion.ie.BaseLine.CkyAlg  - value for pi(2,3,ADVP+ADV) :is-1.0
22:01:44,814 - [main] INFO  com.Technion.ie.BaseLine.CkyAlg  - checking:pi(1,2,PRON) = q(PRON->,)
22:01:44,815 - [main] INFO  com.Technion.ie.BaseLine.CkyAlg  - Max Vaule for:pi(1,2,PRON) = [PRON,,]
22:01:44,817 - [main] INFO  com.Technion.ie.BaseLine.CkyAlg  - value for pi(1,2,PRON) :is-1.0
22:01:44,835 - [main] INFO  com.Technion.ie.BaseLine.CkyAlg  - checking:pi(1,2,NP+NUM) = q(NP+NUM->,)
22:01:44,837 - [main] INFO  com.Technion.ie.BaseLine.CkyAlg  - Max Vaule for:pi(1,2,NP+NUM) = [NP+NUM,,]
22:01:44,838 - [main] INFO  com.Technion.ie.BaseLine.CkyAlg  - value for pi(1,2,NP+NUM) :is-1.0
22:01:44,844 - [main] INFO  com.Technion.ie.BaseLine.CkyAlg  - checking:pi(2,3,NOUN) = q(NOUN->,)
22:01:44,845 - [main] INFO  com.Technion.ie.BaseLine.CkyAlg  - Max Vaule for:pi(2,3,NOUN) = [NOUN,,]
22:01:44,847 - [main] INFO  com.Technion.ie.BaseLine.CkyAlg  - value for pi(2,3,NOUN) :is-1.0
22:01:44,971 - [main] INFO  com.Technion.ie.BaseLine.CkyAlg  - checking:pi(1,2,ADJP) = q(ADJP->NOUN,VERB)
22:01:44,972 - [main] INFO  com.Technion.ie.BaseLine.CkyAlg  - Max Vaule for:pi(1,2,ADJP) = [ADJP,[NOUN,animal],[VERB,do]]
22:01:44,974 - [main] INFO  com.Technion.ie.BaseLine.CkyAlg  - value for pi(1,2,ADJP) :is4.2569669644136715E-7
22:01:45,003 - [main] INFO  com.Technion.ie.BaseLine.CkyAlg  - checking:pi(1,2,DET) = q(DET->,)
22:01:45,005 - [main] INFO  com.Technion.ie.BaseLine.CkyAlg  - Max Vaule for:pi(1,2,DET) = [DET,,]
22:01:45,006 - [main] INFO  com.Technion.ie.BaseLine.CkyAlg  - value for pi(1,2,DET) :is-1.0
22:01:45,027 - [main] INFO  com.Technion.ie.BaseLine.CkyAlg  - checking:pi(1,2,NP+DET) = q(NP+DET->,)
22:01:45,029 - [main] INFO  com.Technion.ie.BaseLine.CkyAlg  - Max Vaule for:pi(1,2,NP+DET) = [NP+DET,,]
22:01:45,030 - [main] INFO  com.Technion.ie.BaseLine.CkyAlg  - value for pi(1,2,NP+DET) :is-1.0
22:01:45,042 - [main] INFO  com.Technion.ie.BaseLine.CkyAlg  - checking:pi(2,3,ADV) = q(ADV->,)
22:01:45,044 - [main] INFO  com.Technion.ie.BaseLine.CkyAlg  - Max Vaule for:pi(2,3,ADV) = [ADV,,]
22:01:45,045 - [main] INFO  com.Technion.ie.BaseLine.CkyAlg  - value for pi(2,3,ADV) :is-1.0
22:01:45,085 - [main] INFO  com.Technion.ie.BaseLine.CkyAlg  - checking:pi(2,3,.) = q(.->,)
22:01:45,086 - [main] INFO  com.Technion.ie.BaseLine.CkyAlg  - Max Vaule for:pi(2,3,.) = [.,,]
22:01:45,088 - [main] INFO  com.Technion.ie.BaseLine.CkyAlg  - value for pi(2,3,.) :is-1.0
22:01:45,111 - [main] INFO  com.Technion.ie.BaseLine.CkyAlg  - checking:pi(1,2,ADV) = q(ADV->,)
22:01:45,113 - [main] INFO  com.Technion.ie.BaseLine.CkyAlg  - Max Vaule for:pi(1,2,ADV) = [ADV,,]
22:01:45,115 - [main] INFO  com.Technion.ie.BaseLine.CkyAlg  - value for pi(1,2,ADV) :is-1.0
22:01:45,159 - [main] INFO  com.Technion.ie.BaseLine.CkyAlg  - checking:pi(2,3,SBAR) = q(SBAR->,)
22:01:45,160 - [main] INFO  com.Technion.ie.BaseLine.CkyAlg  - Max Vaule for:pi(2,3,SBAR) = [SBAR,,]
22:01:45,161 - [main] INFO  com.Technion.ie.BaseLine.CkyAlg  - value for pi(2,3,SBAR) :is-1.0
22:01:45,185 - [main] INFO  com.Technion.ie.BaseLine.CkyAlg  - checking:pi(1,2,ADJP+ADJ) = q(ADJP+ADJ->,)
22:01:45,186 - [main] INFO  com.Technion.ie.BaseLine.CkyAlg  - Max Vaule for:pi(1,2,ADJP+ADJ) = [ADJP+ADJ,,]
22:01:45,188 - [main] INFO  com.Technion.ie.BaseLine.CkyAlg  - value for pi(1,2,ADJP+ADJ) :is-1.0
22:01:45,225 - [main] INFO  com.Technion.ie.BaseLine.CkyAlg  - checking:pi(1,2,QP) = q(QP->,)
22:01:45,226 - [main] INFO  com.Technion.ie.BaseLine.CkyAlg  - Max Vaule for:pi(1,2,QP) = [QP,,]
22:01:45,228 - [main] INFO  com.Technion.ie.BaseLine.CkyAlg  - value for pi(1,2,QP) :is-1.0
22:01:45,564 - [main] INFO  com.Technion.ie.BaseLine.CkyAlg  - checking:pi(2,3,NP) = q(NP->VERB,NOUN)
22:01:45,565 - [main] INFO  com.Technion.ie.BaseLine.CkyAlg  - Max Vaule for:pi(2,3,NP) = [NP,[VERB,do],[NOUN,buffalo]]
22:01:45,567 - [main] INFO  com.Technion.ie.BaseLine.CkyAlg  - value for pi(2,3,NP) :is4.3554927975740416E-5
22:01:45,636 - [main] INFO  com.Technion.ie.BaseLine.CkyAlg  - checking:pi(2,3,NUM) = q(NUM->,)
22:01:45,637 - [main] INFO  com.Technion.ie.BaseLine.CkyAlg  - Max Vaule for:pi(2,3,NUM) = [NUM,,]
22:01:45,638 - [main] INFO  com.Technion.ie.BaseLine.CkyAlg  - value for pi(2,3,NUM) :is-1.0
22:01:46,019 - [main] INFO  com.Technion.ie.BaseLine.CkyAlg  - checking:pi(2,3,VP) = q(VP->VERB,NP+NOUN)
22:01:46,020 - [main] INFO  com.Technion.ie.BaseLine.CkyAlg  - Max Vaule for:pi(2,3,VP) = [VP,[VERB,do],[NP+NOUN,buffalo]]
22:01:46,023 - [main] INFO  com.Technion.ie.BaseLine.CkyAlg  - value for pi(2,3,VP) :is8.952445989440358E-4
22:01:46,074 - [main] INFO  com.Technion.ie.BaseLine.CkyAlg  - checking:pi(2,3,X) = q(X->,)
22:01:46,075 - [main] INFO  com.Technion.ie.BaseLine.CkyAlg  - Max Vaule for:pi(2,3,X) = [X,,]
22:01:46,076 - [main] INFO  com.Technion.ie.BaseLine.CkyAlg  - value for pi(2,3,X) :is-1.0
22:01:46,261 - [main] INFO  com.Technion.ie.BaseLine.CkyAlg  - checking:pi(2,3,VP+VERB) = q(VP+VERB->,)
22:01:46,263 - [main] INFO  com.Technion.ie.BaseLine.CkyAlg  - Max Vaule for:pi(2,3,VP+VERB) = [VP+VERB,,]
22:01:46,264 - [main] INFO  com.Technion.ie.BaseLine.CkyAlg  - value for pi(2,3,VP+VERB) :is-1.0
22:01:46,290 - [main] INFO  com.Technion.ie.BaseLine.CkyAlg  - checking:pi(2,3,ADJ) = q(ADJ->,)
22:01:46,292 - [main] INFO  com.Technion.ie.BaseLine.CkyAlg  - Max Vaule for:pi(2,3,ADJ) = [ADJ,,]
22:01:46,293 - [main] INFO  com.Technion.ie.BaseLine.CkyAlg  - value for pi(2,3,ADJ) :is-1.0
22:01:46,305 - [main] INFO  com.Technion.ie.BaseLine.CkyAlg  - checking:pi(1,3,NP) = q(NP->NOUN,NP)
22:01:46,307 - [main] INFO  com.Technion.ie.BaseLine.CkyAlg  - Max Vaule for:pi(1,3,NP) = [NP,[NOUN,animal],[NP,[VERB,do],[NOUN,buffalo]]]
22:01:46,309 - [main] INFO  com.Technion.ie.BaseLine.CkyAlg  - value for pi(1,3,NP) :is3.0352724041486275E-9
22:01:46,318 - [main] INFO  com.Technion.ie.BaseLine.CkyAlg  - checking:pi(0,2,PRON) = q(PRON->,)
22:01:46,319 - [main] INFO  com.Technion.ie.BaseLine.CkyAlg  - Max Vaule for:pi(0,2,PRON) = [PRON,,]
22:01:46,321 - [main] INFO  com.Technion.ie.BaseLine.CkyAlg  - value for pi(0,2,PRON) :is-1.0
22:01:46,341 - [main] INFO  com.Technion.ie.BaseLine.CkyAlg  - checking:pi(0,2,ADJ) = q(ADJ->,)
22:01:46,342 - [main] INFO  com.Technion.ie.BaseLine.CkyAlg  - Max Vaule for:pi(0,2,ADJ) = [ADJ,,]
22:01:46,344 - [main] INFO  com.Technion.ie.BaseLine.CkyAlg  - value for pi(0,2,ADJ) :is-1.0
22:01:46,355 - [main] INFO  com.Technion.ie.BaseLine.CkyAlg  - checking:pi(0,2,NOUN) = q(NOUN->,)
22:01:46,357 - [main] INFO  com.Technion.ie.BaseLine.CkyAlg  - Max Vaule for:pi(0,2,NOUN) = [NOUN,,]
22:01:46,359 - [main] INFO  com.Technion.ie.BaseLine.CkyAlg  - value for pi(0,2,NOUN) :is-1.0
22:01:46,388 - [main] INFO  com.Technion.ie.BaseLine.CkyAlg  - checking:pi(1,3,NOUN) = q(NOUN->,)
22:01:46,390 - [main] INFO  com.Technion.ie.BaseLine.CkyAlg  - Max Vaule for:pi(1,3,NOUN) = [NOUN,,]
22:01:46,391 - [main] INFO  com.Technion.ie.BaseLine.CkyAlg  - value for pi(1,3,NOUN) :is-1.0
22:01:46,402 - [main] INFO  com.Technion.ie.BaseLine.CkyAlg  - checking:pi(0,2,DET) = q(DET->,)
22:01:46,404 - [main] INFO  com.Technion.ie.BaseLine.CkyAlg  - Max Vaule for:pi(0,2,DET) = [DET,,]
22:01:46,406 - [main] INFO  com.Technion.ie.BaseLine.CkyAlg  - value for pi(0,2,DET) :is-1.0
22:01:46,603 - [main] INFO  com.Technion.ie.BaseLine.CkyAlg  - checking:pi(1,3,WHNP) = q(WHNP->,)
22:01:46,604 - [main] INFO  com.Technion.ie.BaseLine.CkyAlg  - Max Vaule for:pi(1,3,WHNP) = [WHNP,,]
22:01:46,606 - [main] INFO  com.Technion.ie.BaseLine.CkyAlg  - value for pi(1,3,WHNP) :is-1.0
22:01:46,644 - [main] INFO  com.Technion.ie.BaseLine.CkyAlg  - checking:pi(1,2,NP+PRON) = q(NP+PRON->,)
22:01:46,646 - [main] INFO  com.Technion.ie.BaseLine.CkyAlg  - Max Vaule for:pi(1,2,NP+PRON) = [NP+PRON,,]
22:01:46,647 - [main] INFO  com.Technion.ie.BaseLine.CkyAlg  - value for pi(1,2,NP+PRON) :is-1.0
22:01:46,713 - [main] INFO  com.Technion.ie.BaseLine.CkyAlg  - checking:pi(1,3,S) = q(S->,)
22:01:46,714 - [main] INFO  com.Technion.ie.BaseLine.CkyAlg  - Max Vaule for:pi(1,3,S) = [S,,]
22:01:46,716 - [main] INFO  com.Technion.ie.BaseLine.CkyAlg  - value for pi(1,3,S) :is-1.0
22:01:46,778 - [main] INFO  com.Technion.ie.BaseLine.CkyAlg  - checking:pi(1,3,NP+NOUN) = q(NP+NOUN->,)
22:01:46,780 - [main] INFO  com.Technion.ie.BaseLine.CkyAlg  - Max Vaule for:pi(1,3,NP+NOUN) = [NP+NOUN,,]
22:01:46,781 - [main] INFO  com.Technion.ie.BaseLine.CkyAlg  - value for pi(1,3,NP+NOUN) :is-1.0
22:01:46,822 - [main] INFO  com.Technion.ie.BaseLine.CkyAlg  - checking:pi(0,3,WHNP) = q(WHNP->PRON,NP)
22:01:46,823 - [main] INFO  com.Technion.ie.BaseLine.CkyAlg  - Max Vaule for:pi(0,3,WHNP) = [WHNP,[PRON,What],[NP,[NOUN,animal],[NP,[VERB,do],[NOUN,buffalo]]]]
22:01:46,825 - [main] INFO  com.Technion.ie.BaseLine.CkyAlg  - value for pi(0,3,WHNP) :is1.0961091571906833E-12
22:01:46,853 - [main] INFO  com.Technion.ie.BaseLine.CkyAlg  - checking:pi(0,3,WHNP+WHNP) = q(WHNP+WHNP->,)
22:01:46,855 - [main] INFO  com.Technion.ie.BaseLine.CkyAlg  - Max Vaule for:pi(0,3,WHNP+WHNP) = [WHNP+WHNP,,]
22:01:46,856 - [main] INFO  com.Technion.ie.BaseLine.CkyAlg  - value for pi(0,3,WHNP+WHNP) :is-1.0
22:01:46,951 - [main] INFO  com.Technion.ie.BaseLine.CkyAlg  - checking:pi(0,2,ADP) = q(ADP->,)
22:01:46,952 - [main] INFO  com.Technion.ie.BaseLine.CkyAlg  - Max Vaule for:pi(0,2,ADP) = [ADP,,]
22:01:46,954 - [main] INFO  com.Technion.ie.BaseLine.CkyAlg  - value for pi(0,2,ADP) :is-1.0
22:01:47,042 - [main] INFO  com.Technion.ie.BaseLine.CkyAlg  - checking:pi(1,3,S+VP) = q(S+VP->,)
22:01:47,043 - [main] INFO  com.Technion.ie.BaseLine.CkyAlg  - Max Vaule for:pi(1,3,S+VP) = [S+VP,,]
22:01:47,045 - [main] INFO  com.Technion.ie.BaseLine.CkyAlg  - value for pi(1,3,S+VP) :is-1.0
22:01:47,081 - [main] INFO  com.Technion.ie.BaseLine.CkyAlg  - checking:pi(0,3,SBAR) = q(SBAR->,)
22:01:47,082 - [main] INFO  com.Technion.ie.BaseLine.CkyAlg  - Max Vaule for:pi(0,3,SBAR) = [SBAR,,]
22:01:47,084 - [main] INFO  com.Technion.ie.BaseLine.CkyAlg  - value for pi(0,3,SBAR) :is-1.0
22:01:47,098 - [main] INFO  com.Technion.ie.BaseLine.CkyAlg  - checking:pi(0,3,.) = q(.->,)
22:01:47,099 - [main] INFO  com.Technion.ie.BaseLine.CkyAlg  - Max Vaule for:pi(0,3,.) = [.,,]
22:01:47,101 - [main] INFO  com.Technion.ie.BaseLine.CkyAlg  - value for pi(0,3,.) :is-1.0
22:01:47,186 - [main] INFO  com.Technion.ie.BaseLine.CkyAlg  - checking:pi(1,2,NP+ADJ) = q(NP+ADJ->,)
22:01:47,187 - [main] INFO  com.Technion.ie.BaseLine.CkyAlg  - Max Vaule for:pi(1,2,NP+ADJ) = [NP+ADJ,,]
22:01:47,189 - [main] INFO  com.Technion.ie.BaseLine.CkyAlg  - value for pi(1,2,NP+ADJ) :is-1.0
22:01:47,196 - [main] INFO  com.Technion.ie.BaseLine.CkyAlg  - checking:pi(2,3,VP+NOUN) = q(VP+NOUN->,)
22:01:47,197 - [main] INFO  com.Technion.ie.BaseLine.CkyAlg  - Max Vaule for:pi(2,3,VP+NOUN) = [VP+NOUN,,]
22:01:47,199 - [main] INFO  com.Technion.ie.BaseLine.CkyAlg  - value for pi(2,3,VP+NOUN) :is-1.0
22:01:47,213 - [main] INFO  com.Technion.ie.BaseLine.CkyAlg  - checking:pi(1,2,NP+S) = q(NP+S->,)
22:01:47,214 - [main] INFO  com.Technion.ie.BaseLine.CkyAlg  - Max Vaule for:pi(1,2,NP+S) = [NP+S,,]
22:01:47,215 - [main] INFO  com.Technion.ie.BaseLine.CkyAlg  - value for pi(1,2,NP+S) :is-1.0
22:01:47,232 - [main] INFO  com.Technion.ie.BaseLine.CkyAlg  - checking:pi(1,2,NP+NP) = q(NP+NP->,)
22:01:47,233 - [main] INFO  com.Technion.ie.BaseLine.CkyAlg  - Max Vaule for:pi(1,2,NP+NP) = [NP+NP,,]
22:01:47,235 - [main] INFO  com.Technion.ie.BaseLine.CkyAlg  - value for pi(1,2,NP+NP) :is-1.0
22:01:47,380 - [main] INFO  com.Technion.ie.BaseLine.CkyAlg  - checking:pi(2,3,ADJP) = q(ADJP->,)
22:01:47,382 - [main] INFO  com.Technion.ie.BaseLine.CkyAlg  - Max Vaule for:pi(2,3,ADJP) = [ADJP,,]
22:01:47,383 - [main] INFO  com.Technion.ie.BaseLine.CkyAlg  - value for pi(2,3,ADJP) :is-1.0
22:01:47,453 - [main] INFO  com.Technion.ie.BaseLine.CkyAlg  - checking:pi(2,3,ADJP+ADJ) = q(ADJP+ADJ->,)
22:01:47,454 - [main] INFO  com.Technion.ie.BaseLine.CkyAlg  - Max Vaule for:pi(2,3,ADJP+ADJ) = [ADJP+ADJ,,]
22:01:47,457 - [main] INFO  com.Technion.ie.BaseLine.CkyAlg  - value for pi(2,3,ADJP+ADJ) :is-1.0
22:01:47,775 - [main] INFO  com.Technion.ie.BaseLine.CkyAlg  - checking:pi(2,3,SQ) = q(SQ->VERB,NP+NOUN)
22:01:47,777 - [main] INFO  com.Technion.ie.BaseLine.CkyAlg  - Max Vaule for:pi(2,3,SQ) = [SQ,[VERB,do],[NP+NOUN,buffalo]]
22:01:47,778 - [main] INFO  com.Technion.ie.BaseLine.CkyAlg  - value for pi(2,3,SQ) :is9.084055087403901E-4
22:01:47,814 - [main] INFO  com.Technion.ie.BaseLine.CkyAlg  - checking:pi(1,2,VP+VERB) = q(VP+VERB->,)
22:01:47,816 - [main] INFO  com.Technion.ie.BaseLine.CkyAlg  - Max Vaule for:pi(1,2,VP+VERB) = [VP+VERB,,]
22:01:47,817 - [main] INFO  com.Technion.ie.BaseLine.CkyAlg  - value for pi(1,2,VP+VERB) :is-1.0
22:01:47,874 - [main] INFO  com.Technion.ie.BaseLine.CkyAlg  - checking:pi(1,2,NP+X) = q(NP+X->,)
22:01:47,875 - [main] INFO  com.Technion.ie.BaseLine.CkyAlg  - Max Vaule for:pi(1,2,NP+X) = [NP+X,,]
22:01:47,877 - [main] INFO  com.Technion.ie.BaseLine.CkyAlg  - value for pi(1,2,NP+X) :is-1.0
22:01:47,908 - [main] INFO  com.Technion.ie.BaseLine.CkyAlg  - checking:pi(2,3,ADVP) = q(ADVP->,)
22:01:47,909 - [main] INFO  com.Technion.ie.BaseLine.CkyAlg  - Max Vaule for:pi(2,3,ADVP) = [ADVP,,]
22:01:47,911 - [main] INFO  com.Technion.ie.BaseLine.CkyAlg  - value for pi(2,3,ADVP) :is-1.0
22:01:47,928 - [main] INFO  com.Technion.ie.BaseLine.CkyAlg  - checking:pi(1,3,SQ) = q(SQ->NP+NOUN,SQ)
22:01:47,930 - [main] INFO  com.Technion.ie.BaseLine.CkyAlg  - Max Vaule for:pi(1,3,SQ) = [SQ,[NP+NOUN,animal],[SQ,[VERB,do],[NP+NOUN,buffalo]]]
22:01:47,932 - [main] INFO  com.Technion.ie.BaseLine.CkyAlg  - value for pi(1,3,SQ) :is1.996296725176957E-9
22:01:47,978 - [main] INFO  com.Technion.ie.BaseLine.CkyAlg  - checking:pi(1,3,WHADVP) = q(WHADVP->,)
22:01:47,980 - [main] INFO  com.Technion.ie.BaseLine.CkyAlg  - Max Vaule for:pi(1,3,WHADVP) = [WHADVP,,]
22:01:47,981 - [main] INFO  com.Technion.ie.BaseLine.CkyAlg  - value for pi(1,3,WHADVP) :is-1.0
22:01:48,011 - [main] INFO  com.Technion.ie.BaseLine.CkyAlg  - checking:pi(1,3,WHADJP) = q(WHADJP->,)
22:01:48,012 - [main] INFO  com.Technion.ie.BaseLine.CkyAlg  - Max Vaule for:pi(1,3,WHADJP) = [WHADJP,,]
22:01:48,014 - [main] INFO  com.Technion.ie.BaseLine.CkyAlg  - value for pi(1,3,WHADJP) :is-1.0
22:01:48,042 - [main] INFO  com.Technion.ie.BaseLine.CkyAlg  - checking:pi(1,3,WHNP+WHNP) = q(WHNP+WHNP->,)
22:01:48,044 - [main] INFO  com.Technion.ie.BaseLine.CkyAlg  - Max Vaule for:pi(1,3,WHNP+WHNP) = [WHNP+WHNP,,]
22:01:48,045 - [main] INFO  com.Technion.ie.BaseLine.CkyAlg  - value for pi(1,3,WHNP+WHNP) :is-1.0
22:01:48,107 - [main] INFO  com.Technion.ie.BaseLine.CkyAlg  - checking:pi(1,2,ADP) = q(ADP->,)
22:01:48,110 - [main] INFO  com.Technion.ie.BaseLine.CkyAlg  - Max Vaule for:pi(1,2,ADP) = [ADP,,]
22:01:48,111 - [main] INFO  com.Technion.ie.BaseLine.CkyAlg  - value for pi(1,2,ADP) :is-1.0
22:01:48,141 - [main] INFO  com.Technion.ie.BaseLine.CkyAlg  - checking:pi(1,3,SBAR) = q(SBAR->,)
22:01:48,143 - [main] INFO  com.Technion.ie.BaseLine.CkyAlg  - Max Vaule for:pi(1,3,SBAR) = [SBAR,,]
22:01:48,144 - [main] INFO  com.Technion.ie.BaseLine.CkyAlg  - value for pi(1,3,SBAR) :is-1.0
22:01:48,155 - [main] INFO  com.Technion.ie.BaseLine.CkyAlg  - checking:pi(1,3,.) = q(.->,)
22:01:48,157 - [main] INFO  com.Technion.ie.BaseLine.CkyAlg  - Max Vaule for:pi(1,3,.) = [.,,]
22:01:48,158 - [main] INFO  com.Technion.ie.BaseLine.CkyAlg  - value for pi(1,3,.) :is-1.0
22:01:48,189 - [main] INFO  com.Technion.ie.BaseLine.CkyAlg  - checking:pi(1,3,WHNP+PRON) = q(WHNP+PRON->,)
22:01:48,190 - [main] INFO  com.Technion.ie.BaseLine.CkyAlg  - Max Vaule for:pi(1,3,WHNP+PRON) = [WHNP+PRON,,]
22:01:48,191 - [main] INFO  com.Technion.ie.BaseLine.CkyAlg  - value for pi(1,3,WHNP+PRON) :is-1.0
22:01:48,213 - [main] INFO  com.Technion.ie.BaseLine.CkyAlg  - checking:pi(1,3,WHNP+DET) = q(WHNP+DET->,)
22:01:48,214 - [main] INFO  com.Technion.ie.BaseLine.CkyAlg  - Max Vaule for:pi(1,3,WHNP+DET) = [WHNP+DET,,]
22:01:48,216 - [main] INFO  com.Technion.ie.BaseLine.CkyAlg  - value for pi(1,3,WHNP+DET) :is-1.0
22:01:48,227 - [main] INFO  com.Technion.ie.BaseLine.CkyAlg  - checking:pi(1,3,CONJ) = q(CONJ->,)
22:01:48,228 - [main] INFO  com.Technion.ie.BaseLine.CkyAlg  - Max Vaule for:pi(1,3,CONJ) = [CONJ,,]
22:01:48,229 - [main] INFO  com.Technion.ie.BaseLine.CkyAlg  - value for pi(1,3,CONJ) :is-1.0
22:01:48,288 - [main] INFO  com.Technion.ie.BaseLine.CkyAlg  - checking:pi(1,3,WHPP) = q(WHPP->,)
22:01:48,290 - [main] INFO  com.Technion.ie.BaseLine.CkyAlg  - Max Vaule for:pi(1,3,WHPP) = [WHPP,,]
22:01:48,291 - [main] INFO  com.Technion.ie.BaseLine.CkyAlg  - value for pi(1,3,WHPP) :is-1.0
22:01:48,302 - [main] INFO  com.Technion.ie.BaseLine.CkyAlg  - checking:pi(1,3,WHADVP+ADV) = q(WHADVP+ADV->,)
22:01:48,303 - [main] INFO  com.Technion.ie.BaseLine.CkyAlg  - Max Vaule for:pi(1,3,WHADVP+ADV) = [WHADVP+ADV,,]
22:01:48,305 - [main] INFO  com.Technion.ie.BaseLine.CkyAlg  - value for pi(1,3,WHADVP+ADV) :is-1.0
22:01:48,476 - [main] INFO  com.Technion.ie.BaseLine.CkyAlg  - checking:pi(1,3,PP) = q(PP->,)
22:01:48,477 - [main] INFO  com.Technion.ie.BaseLine.CkyAlg  - Max Vaule for:pi(1,3,PP) = [PP,,]
22:01:48,479 - [main] INFO  com.Technion.ie.BaseLine.CkyAlg  - value for pi(1,3,PP) :is-1.0
22:01:48,542 - [main] INFO  com.Technion.ie.BaseLine.CkyAlg  - checking:pi(2,3,PRT+PRT) = q(PRT+PRT->,)
22:01:48,544 - [main] INFO  com.Technion.ie.BaseLine.CkyAlg  - Max Vaule for:pi(2,3,PRT+PRT) = [PRT+PRT,,]
22:01:48,545 - [main] INFO  com.Technion.ie.BaseLine.CkyAlg  - value for pi(2,3,PRT+PRT) :is-1.0
22:01:48,569 - [main] INFO  com.Technion.ie.BaseLine.CkyAlg  - checking:pi(1,2,PRT+PRT) = q(PRT+PRT->,)
22:01:48,570 - [main] INFO  com.Technion.ie.BaseLine.CkyAlg  - Max Vaule for:pi(1,2,PRT+PRT) = [PRT+PRT,,]
22:01:48,571 - [main] INFO  com.Technion.ie.BaseLine.CkyAlg  - value for pi(1,2,PRT+PRT) :is-1.0
22:01:48,653 - [main] INFO  com.Technion.ie.BaseLine.CkyAlg  - checking:pi(1,2,PP+ADP) = q(PP+ADP->,)
22:01:48,654 - [main] INFO  com.Technion.ie.BaseLine.CkyAlg  - Max Vaule for:pi(1,2,PP+ADP) = [PP+ADP,,]
22:01:48,656 - [main] INFO  com.Technion.ie.BaseLine.CkyAlg  - value for pi(1,2,PP+ADP) :is-1.0
22:01:48,738 - [main] INFO  com.Technion.ie.BaseLine.CkyAlg  - checking:pi(2,3,S+VP) = q(S+VP->VERB,ADJP+ADJ)
22:01:48,739 - [main] INFO  com.Technion.ie.BaseLine.CkyAlg  - Max Vaule for:pi(2,3,S+VP) = [S+VP,[VERB,do],[ADJP+ADJ,buffalo]]
22:01:48,741 - [main] INFO  com.Technion.ie.BaseLine.CkyAlg  - value for pi(2,3,S+VP) :is0.001048598507763662
22:01:48,770 - [main] INFO  com.Technion.ie.BaseLine.CkyAlg  - checking:pi(2,3,NP+NOUN) = q(NP+NOUN->,)
22:01:48,771 - [main] INFO  com.Technion.ie.BaseLine.CkyAlg  - Max Vaule for:pi(2,3,NP+NOUN) = [NP+NOUN,,]
22:01:48,773 - [main] INFO  com.Technion.ie.BaseLine.CkyAlg  - value for pi(2,3,NP+NOUN) :is-1.0
22:01:48,975 - [main] INFO  com.Technion.ie.BaseLine.CkyAlg  - checking:pi(1,2,PP+PRT) = q(PP+PRT->,)
22:01:48,977 - [main] INFO  com.Technion.ie.BaseLine.CkyAlg  - Max Vaule for:pi(1,2,PP+PRT) = [PP+PRT,,]
22:01:48,978 - [main] INFO  com.Technion.ie.BaseLine.CkyAlg  - value for pi(1,2,PP+PRT) :is-1.0
22:01:49,223 - [main] INFO  com.Technion.ie.BaseLine.CkyAlg  - checking:pi(1,3,VP) = q(VP->NP+NOUN,S+VP)
22:01:49,225 - [main] INFO  com.Technion.ie.BaseLine.CkyAlg  - Max Vaule for:pi(1,3,VP) = [VP,[NP+NOUN,animal],[S+VP,[VERB,do],[ADJP+ADJ,buffalo]]]
22:01:49,227 - [main] INFO  com.Technion.ie.BaseLine.CkyAlg  - value for pi(1,3,VP) :is5.97188045456631E-9
22:01:49,260 - [main] INFO  com.Technion.ie.BaseLine.CkyAlg  - checking:pi(1,4,SBARQ) = q(SBARQ->SQ,.)
22:01:49,261 - [main] INFO  com.Technion.ie.BaseLine.CkyAlg  - Max Vaule for:pi(1,4,SBARQ) = [SBARQ,[SQ,[NP+NOUN,animal],[SQ,[VERB,do],[NP+NOUN,buffalo]]],[.,wings]]
22:01:49,263 - [main] INFO  com.Technion.ie.BaseLine.CkyAlg  - value for pi(1,4,SBARQ) :is2.900258807895807E-12
22:01:49,275 - [main] INFO  com.Technion.ie.BaseLine.CkyAlg  - checking:pi(0,3,WHNP+PRON) = q(WHNP+PRON->,)
22:01:49,277 - [main] INFO  com.Technion.ie.BaseLine.CkyAlg  - Max Vaule for:pi(0,3,WHNP+PRON) = [WHNP+PRON,,]
22:01:49,279 - [main] INFO  com.Technion.ie.BaseLine.CkyAlg  - value for pi(0,3,WHNP+PRON) :is-1.0
22:01:49,307 - [main] INFO  com.Technion.ie.BaseLine.CkyAlg  - checking:pi(0,3,WHNP+DET) = q(WHNP+DET->,)
22:01:49,308 - [main] INFO  com.Technion.ie.BaseLine.CkyAlg  - Max Vaule for:pi(0,3,WHNP+DET) = [WHNP+DET,,]
22:01:49,310 - [main] INFO  com.Technion.ie.BaseLine.CkyAlg  - value for pi(0,3,WHNP+DET) :is-1.0
22:01:49,324 - [main] INFO  com.Technion.ie.BaseLine.CkyAlg  - checking:pi(0,3,CONJ) = q(CONJ->,)
22:01:49,325 - [main] INFO  com.Technion.ie.BaseLine.CkyAlg  - Max Vaule for:pi(0,3,CONJ) = [CONJ,,]
22:01:49,327 - [main] INFO  com.Technion.ie.BaseLine.CkyAlg  - value for pi(0,3,CONJ) :is-1.0
22:01:49,521 - [main] INFO  com.Technion.ie.BaseLine.CkyAlg  - checking:pi(0,2,NP+NUM) = q(NP+NUM->,)
22:01:49,522 - [main] INFO  com.Technion.ie.BaseLine.CkyAlg  - Max Vaule for:pi(0,2,NP+NUM) = [NP+NUM,,]
22:01:49,524 - [main] INFO  com.Technion.ie.BaseLine.CkyAlg  - value for pi(0,2,NP+NUM) :is-1.0
22:01:49,546 - [main] INFO  com.Technion.ie.BaseLine.CkyAlg  - checking:pi(0,2,X) = q(X->,)
22:01:49,547 - [main] INFO  com.Technion.ie.BaseLine.CkyAlg  - Max Vaule for:pi(0,2,X) = [X,,]
22:01:49,549 - [main] INFO  com.Technion.ie.BaseLine.CkyAlg  - value for pi(0,2,X) :is-1.0
22:01:49,683 - [main] INFO  com.Technion.ie.BaseLine.CkyAlg  - checking:pi(1,3,X) = q(X->,)
22:01:49,685 - [main] INFO  com.Technion.ie.BaseLine.CkyAlg  - Max Vaule for:pi(1,3,X) = [X,,]
22:01:49,688 - [main] INFO  com.Technion.ie.BaseLine.CkyAlg  - value for pi(1,3,X) :is-1.0
22:01:49,730 - [main] INFO  com.Technion.ie.BaseLine.CkyAlg  - checking:pi(0,2,NUM) = q(NUM->,)
22:01:49,732 - [main] INFO  com.Technion.ie.BaseLine.CkyAlg  - Max Vaule for:pi(0,2,NUM) = [NUM,,]
22:01:49,733 - [main] INFO  com.Technion.ie.BaseLine.CkyAlg  - value for pi(0,2,NUM) :is-1.0
22:01:49,888 - [main] INFO  com.Technion.ie.BaseLine.CkyAlg  - checking:pi(0,2,QP) = q(QP->,)
22:01:49,890 - [main] INFO  com.Technion.ie.BaseLine.CkyAlg  - Max Vaule for:pi(0,2,QP) = [QP,,]
22:01:49,891 - [main] INFO  com.Technion.ie.BaseLine.CkyAlg  - value for pi(0,2,QP) :is-1.0
22:01:50,142 - [main] INFO  com.Technion.ie.BaseLine.CkyAlg  - checking:pi(1,3,ADJ) = q(ADJ->,)
22:01:50,143 - [main] INFO  com.Technion.ie.BaseLine.CkyAlg  - Max Vaule for:pi(1,3,ADJ) = [ADJ,,]
22:01:50,145 - [main] INFO  com.Technion.ie.BaseLine.CkyAlg  - value for pi(1,3,ADJ) :is-1.0
22:01:50,257 - [main] INFO  com.Technion.ie.BaseLine.CkyAlg  - checking:pi(1,3,NUM) = q(NUM->,)
22:01:50,258 - [main] INFO  com.Technion.ie.BaseLine.CkyAlg  - Max Vaule for:pi(1,3,NUM) = [NUM,,]
22:01:50,260 - [main] INFO  com.Technion.ie.BaseLine.CkyAlg  - value for pi(1,3,NUM) :is-1.0
22:01:50,383 - [main] INFO  com.Technion.ie.BaseLine.CkyAlg  - checking:pi(1,3,PRT) = q(PRT->,)
22:01:50,385 - [main] INFO  com.Technion.ie.BaseLine.CkyAlg  - Max Vaule for:pi(1,3,PRT) = [PRT,,]
22:01:50,386 - [main] INFO  com.Technion.ie.BaseLine.CkyAlg  - value for pi(1,3,PRT) :is-1.0
22:01:50,444 - [main] INFO  com.Technion.ie.BaseLine.CkyAlg  - checking:pi(0,3,NP) = q(NP->,)
22:01:50,446 - [main] INFO  com.Technion.ie.BaseLine.CkyAlg  - Max Vaule for:pi(0,3,NP) = [NP,,]
22:01:50,448 - [main] INFO  com.Technion.ie.BaseLine.CkyAlg  - value for pi(0,3,NP) :is-1.0
22:01:50,481 - [main] INFO  com.Technion.ie.BaseLine.CkyAlg  - checking:pi(0,2,PRT) = q(PRT->,)
22:01:50,482 - [main] INFO  com.Technion.ie.BaseLine.CkyAlg  - Max Vaule for:pi(0,2,PRT) = [PRT,,]
22:01:50,484 - [main] INFO  com.Technion.ie.BaseLine.CkyAlg  - value for pi(0,2,PRT) :is-1.0
22:01:50,504 - [main] INFO  com.Technion.ie.BaseLine.CkyAlg  - checking:pi(0,3,WHPP) = q(WHPP->,)
22:01:50,506 - [main] INFO  com.Technion.ie.BaseLine.CkyAlg  - Max Vaule for:pi(0,3,WHPP) = [WHPP,,]
22:01:50,507 - [main] INFO  com.Technion.ie.BaseLine.CkyAlg  - value for pi(0,3,WHPP) :is-1.0
22:01:50,521 - [main] INFO  com.Technion.ie.BaseLine.CkyAlg  - checking:pi(0,3,WHADVP+ADV) = q(WHADVP+ADV->,)
22:01:50,523 - [main] INFO  com.Technion.ie.BaseLine.CkyAlg  - Max Vaule for:pi(0,3,WHADVP+ADV) = [WHADVP+ADV,,]
22:01:50,525 - [main] INFO  com.Technion.ie.BaseLine.CkyAlg  - value for pi(0,3,WHADVP+ADV) :is-1.0
22:01:50,784 - [main] INFO  com.Technion.ie.BaseLine.CkyAlg  - checking:pi(0,3,PP) = q(PP->,)
22:01:50,786 - [main] INFO  com.Technion.ie.BaseLine.CkyAlg  - Max Vaule for:pi(0,3,PP) = [PP,,]
22:01:50,787 - [main] INFO  com.Technion.ie.BaseLine.CkyAlg  - value for pi(0,3,PP) :is-1.0
22:01:50,930 - [main] INFO  com.Technion.ie.BaseLine.CkyAlg  - checking:pi(0,2,ADVP) = q(ADVP->,)
22:01:50,931 - [main] INFO  com.Technion.ie.BaseLine.CkyAlg  - Max Vaule for:pi(0,2,ADVP) = [ADVP,,]
22:01:50,933 - [main] INFO  com.Technion.ie.BaseLine.CkyAlg  - value for pi(0,2,ADVP) :is-1.0
22:01:50,983 - [main] INFO  com.Technion.ie.BaseLine.CkyAlg  - checking:pi(0,3,SQ+VP) = q(SQ+VP->,)
22:01:50,985 - [main] INFO  com.Technion.ie.BaseLine.CkyAlg  - Max Vaule for:pi(0,3,SQ+VP) = [SQ+VP,,]
22:01:50,986 - [main] INFO  com.Technion.ie.BaseLine.CkyAlg  - value for pi(0,3,SQ+VP) :is-1.0
22:01:51,100 - [main] INFO  com.Technion.ie.BaseLine.CkyAlg  - checking:pi(0,2,PRT+PRT) = q(PRT+PRT->,)
22:01:51,101 - [main] INFO  com.Technion.ie.BaseLine.CkyAlg  - Max Vaule for:pi(0,2,PRT+PRT) = [PRT+PRT,,]
22:01:51,103 - [main] INFO  com.Technion.ie.BaseLine.CkyAlg  - value for pi(0,2,PRT+PRT) :is-1.0
22:01:51,224 - [main] INFO  com.Technion.ie.BaseLine.CkyAlg  - checking:pi(0,2,PP+ADP) = q(PP+ADP->,)
22:01:51,225 - [main] INFO  com.Technion.ie.BaseLine.CkyAlg  - Max Vaule for:pi(0,2,PP+ADP) = [PP+ADP,,]
22:01:51,227 - [main] INFO  com.Technion.ie.BaseLine.CkyAlg  - value for pi(0,2,PP+ADP) :is-1.0
22:01:51,422 - [main] INFO  com.Technion.ie.BaseLine.CkyAlg  - checking:pi(0,2,S) = q(S->,)
22:01:51,424 - [main] INFO  com.Technion.ie.BaseLine.CkyAlg  - Max Vaule for:pi(0,2,S) = [S,,]
22:01:51,425 - [main] INFO  com.Technion.ie.BaseLine.CkyAlg  - value for pi(0,2,S) :is-1.0
22:01:51,658 - [main] INFO  com.Technion.ie.BaseLine.CkyAlg  - checking:pi(0,2,PP+PRT) = q(PP+PRT->,)
22:01:51,660 - [main] INFO  com.Technion.ie.BaseLine.CkyAlg  - Max Vaule for:pi(0,2,PP+PRT) = [PP+PRT,,]
22:01:51,661 - [main] INFO  com.Technion.ie.BaseLine.CkyAlg  - value for pi(0,2,PP+PRT) :is-1.0
22:01:52,025 - [main] INFO  com.Technion.ie.BaseLine.CkyAlg  - checking:pi(0,3,VP) = q(VP->,)
22:01:52,027 - [main] INFO  com.Technion.ie.BaseLine.CkyAlg  - Max Vaule for:pi(0,3,VP) = [VP,,]
22:01:52,029 - [main] INFO  com.Technion.ie.BaseLine.CkyAlg  - value for pi(0,3,VP) :is-1.0
22:01:52,045 - [main] INFO  com.Technion.ie.BaseLine.CkyAlg  - checking:pi(1,3,VERB) = q(VERB->,)
22:01:52,046 - [main] INFO  com.Technion.ie.BaseLine.CkyAlg  - Max Vaule for:pi(1,3,VERB) = [VERB,,]
22:01:52,048 - [main] INFO  com.Technion.ie.BaseLine.CkyAlg  - value for pi(1,3,VERB) :is-1.0
22:01:52,059 - [main] INFO  com.Technion.ie.BaseLine.CkyAlg  - checking:pi(1,3,ADVP+ADV) = q(ADVP+ADV->,)
22:01:52,060 - [main] INFO  com.Technion.ie.BaseLine.CkyAlg  - Max Vaule for:pi(1,3,ADVP+ADV) = [ADVP+ADV,,]
22:01:52,062 - [main] INFO  com.Technion.ie.BaseLine.CkyAlg  - value for pi(1,3,ADVP+ADV) :is-1.0
22:01:52,175 - [main] INFO  com.Technion.ie.BaseLine.CkyAlg  - checking:pi(1,3,ADVP) = q(ADVP->,)
22:01:52,177 - [main] INFO  com.Technion.ie.BaseLine.CkyAlg  - Max Vaule for:pi(1,3,ADVP) = [ADVP,,]
22:01:52,178 - [main] INFO  com.Technion.ie.BaseLine.CkyAlg  - value for pi(1,3,ADVP) :is-1.0
22:01:52,230 - [main] INFO  com.Technion.ie.BaseLine.CkyAlg  - checking:pi(1,4,SQ+VP) = q(SQ+VP->,)
22:01:52,231 - [main] INFO  com.Technion.ie.BaseLine.CkyAlg  - Max Vaule for:pi(1,4,SQ+VP) = [SQ+VP,,]
22:01:52,232 - [main] INFO  com.Technion.ie.BaseLine.CkyAlg  - value for pi(1,4,SQ+VP) :is-1.0
22:01:52,270 - [main] INFO  com.Technion.ie.BaseLine.CkyAlg  - checking:pi(0,4,SBARQ) = q(SBARQ->WHNP+PRON,SBARQ)
22:01:52,272 - [main] INFO  com.Technion.ie.BaseLine.CkyAlg  - Max Vaule for:pi(0,4,SBARQ) = [SBARQ,[WHNP+PRON,What],[SBARQ,[SQ,[NP+NOUN,animal],[SQ,[VERB,do],[NP+NOUN,buffalo]]],[.,wings]]]
22:01:52,274 - [main] INFO  com.Technion.ie.BaseLine.CkyAlg  - value for pi(0,4,SBARQ) :is5.500752738726501E-13
22:01:53,572 - [main] INFO  com.Technion.ie.BaseLine.CkyAlg  - checking:pi(5,7,.) = q(.->,)
22:01:53,574 - [main] INFO  com.Technion.ie.BaseLine.CkyAlg  - Max Vaule for:pi(5,7,.) = [.,,]
22:01:53,576 - [main] INFO  com.Technion.ie.BaseLine.CkyAlg  - value for pi(5,7,.) :is-1.0
22:02:02,786 - [main] INFO  com.Technion.ie.BaseLine.CkyAlg  - checking:pi(0,3,VERB) = q(VERB->,)
22:02:02,787 - [main] INFO  com.Technion.ie.BaseLine.CkyAlg  - Max Vaule for:pi(0,3,VERB) = [VERB,,]
22:02:02,789 - [main] INFO  com.Technion.ie.BaseLine.CkyAlg  - value for pi(0,3,VERB) :is-1.0
22:02:02,803 - [main] INFO  com.Technion.ie.BaseLine.CkyAlg  - checking:pi(0,3,ADVP+ADV) = q(ADVP+ADV->,)
22:02:02,805 - [main] INFO  com.Technion.ie.BaseLine.CkyAlg  - Max Vaule for:pi(0,3,ADVP+ADV) = [ADVP+ADV,,]
22:02:02,806 - [main] INFO  com.Technion.ie.BaseLine.CkyAlg  - value for pi(0,3,ADVP+ADV) :is-1.0
22:02:02,846 - [main] INFO  com.Technion.ie.BaseLine.CkyAlg  - checking:pi(0,3,NP+ADJ) = q(NP+ADJ->,)
22:02:02,847 - [main] INFO  com.Technion.ie.BaseLine.CkyAlg  - Max Vaule for:pi(0,3,NP+ADJ) = [NP+ADJ,,]
22:02:02,849 - [main] INFO  com.Technion.ie.BaseLine.CkyAlg  - value for pi(0,3,NP+ADJ) :is-1.0
22:02:02,865 - [main] INFO  com.Technion.ie.BaseLine.CkyAlg  - checking:pi(0,3,NP+NOUN) = q(NP+NOUN->,)
22:02:02,867 - [main] INFO  com.Technion.ie.BaseLine.CkyAlg  - Max Vaule for:pi(0,3,NP+NOUN) = [NP+NOUN,,]
22:02:02,868 - [main] INFO  com.Technion.ie.BaseLine.CkyAlg  - value for pi(0,3,NP+NOUN) :is-1.0
22:02:02,893 - [main] INFO  com.Technion.ie.BaseLine.CkyAlg  - checking:pi(0,3,NP+S) = q(NP+S->,)
22:02:02,894 - [main] INFO  com.Technion.ie.BaseLine.CkyAlg  - Max Vaule for:pi(0,3,NP+S) = [NP+S,,]
22:02:02,896 - [main] INFO  com.Technion.ie.BaseLine.CkyAlg  - value for pi(0,3,NP+S) :is-1.0
22:02:02,944 - [main] INFO  com.Technion.ie.BaseLine.CkyAlg  - checking:pi(0,3,NP+NP) = q(NP+NP->,)
22:02:02,946 - [main] INFO  com.Technion.ie.BaseLine.CkyAlg  - Max Vaule for:pi(0,3,NP+NP) = [NP+NP,,]
22:02:02,947 - [main] INFO  com.Technion.ie.BaseLine.CkyAlg  - value for pi(0,3,NP+NP) :is-1.0
22:02:02,961 - [main] INFO  com.Technion.ie.BaseLine.CkyAlg  - checking:pi(0,3,ADJP+ADJ) = q(ADJP+ADJ->,)
22:02:02,963 - [main] INFO  com.Technion.ie.BaseLine.CkyAlg  - Max Vaule for:pi(0,3,ADJP+ADJ) = [ADJP+ADJ,,]
22:02:02,964 - [main] INFO  com.Technion.ie.BaseLine.CkyAlg  - value for pi(0,3,ADJP+ADJ) :is-1.0
22:02:03,034 - [main] INFO  com.Technion.ie.BaseLine.CkyAlg  - checking:pi(0,3,NP+PRON) = q(NP+PRON->,)
22:02:03,036 - [main] INFO  com.Technion.ie.BaseLine.CkyAlg  - Max Vaule for:pi(0,3,NP+PRON) = [NP+PRON,,]
22:02:03,037 - [main] INFO  com.Technion.ie.BaseLine.CkyAlg  - value for pi(0,3,NP+PRON) :is-1.0
22:02:03,395 - [main] INFO  com.Technion.ie.BaseLine.CkyAlg  - checking:pi(0,3,ADJP) = q(ADJP->,)
22:02:03,396 - [main] INFO  com.Technion.ie.BaseLine.CkyAlg  - Max Vaule for:pi(0,3,ADJP) = [ADJP,,]
22:02:03,397 - [main] INFO  com.Technion.ie.BaseLine.CkyAlg  - value for pi(0,3,ADJP) :is-1.0
22:02:03,502 - [main] INFO  com.Technion.ie.BaseLine.CkyAlg  - checking:pi(0,3,NP+DET) = q(NP+DET->,)
22:02:03,504 - [main] INFO  com.Technion.ie.BaseLine.CkyAlg  - Max Vaule for:pi(0,3,NP+DET) = [NP+DET,,]
22:02:03,505 - [main] INFO  com.Technion.ie.BaseLine.CkyAlg  - value for pi(0,3,NP+DET) :is-1.0
22:02:03,690 - [main] INFO  com.Technion.ie.BaseLine.CkyAlg  - checking:pi(0,3,ADV) = q(ADV->,)
22:02:03,692 - [main] INFO  com.Technion.ie.BaseLine.CkyAlg  - Max Vaule for:pi(0,3,ADV) = [ADV,,]
22:02:03,694 - [main] INFO  com.Technion.ie.BaseLine.CkyAlg  - value for pi(0,3,ADV) :is-1.0
22:02:03,749 - [main] INFO  com.Technion.ie.BaseLine.CkyAlg  - checking:pi(0,3,VP+VERB) = q(VP+VERB->,)
22:02:03,751 - [main] INFO  com.Technion.ie.BaseLine.CkyAlg  - Max Vaule for:pi(0,3,VP+VERB) = [VP+VERB,,]
22:02:03,752 - [main] INFO  com.Technion.ie.BaseLine.CkyAlg  - value for pi(0,3,VP+VERB) :is-1.0
22:02:03,871 - [main] INFO  com.Technion.ie.BaseLine.CkyAlg  - checking:pi(0,3,NP+X) = q(NP+X->,)
22:02:03,873 - [main] INFO  com.Technion.ie.BaseLine.CkyAlg  - Max Vaule for:pi(0,3,NP+X) = [NP+X,,]
22:02:03,874 - [main] INFO  com.Technion.ie.BaseLine.CkyAlg  - value for pi(0,3,NP+X) :is-1.0
22:02:03,915 - [main] INFO  com.Technion.ie.BaseLine.CkyAlg  - checking:pi(0,4,SQ) = q(SQ->,)
22:02:03,916 - [main] INFO  com.Technion.ie.BaseLine.CkyAlg  - Max Vaule for:pi(0,4,SQ) = [SQ,,]
22:02:03,918 - [main] INFO  com.Technion.ie.BaseLine.CkyAlg  - value for pi(0,4,SQ) :is-1.0
22:02:04,002 - [main] INFO  com.Technion.ie.BaseLine.CkyAlg  - checking:pi(0,4,WHADVP) = q(WHADVP->,)
22:02:04,003 - [main] INFO  com.Technion.ie.BaseLine.CkyAlg  - Max Vaule for:pi(0,4,WHADVP) = [WHADVP,,]
22:02:04,005 - [main] INFO  com.Technion.ie.BaseLine.CkyAlg  - value for pi(0,4,WHADVP) :is-1.0
22:02:04,065 - [main] INFO  com.Technion.ie.BaseLine.CkyAlg  - checking:pi(0,4,WHADJP) = q(WHADJP->,)
22:02:04,066 - [main] INFO  com.Technion.ie.BaseLine.CkyAlg  - Max Vaule for:pi(0,4,WHADJP) = [WHADJP,,]
22:02:04,068 - [main] INFO  com.Technion.ie.BaseLine.CkyAlg  - value for pi(0,4,WHADJP) :is-1.0
22:02:04,116 - [main] INFO  com.Technion.ie.BaseLine.CkyAlg  - checking:pi(2,4,PRT) = q(PRT->,)
22:02:04,118 - [main] INFO  com.Technion.ie.BaseLine.CkyAlg  - Max Vaule for:pi(2,4,PRT) = [PRT,,]
22:02:04,119 - [main] INFO  com.Technion.ie.BaseLine.CkyAlg  - value for pi(2,4,PRT) :is-1.0
22:02:04,151 - [main] INFO  com.Technion.ie.BaseLine.CkyAlg  - checking:pi(2,3,ADP) = q(ADP->,)
22:02:04,153 - [main] INFO  com.Technion.ie.BaseLine.CkyAlg  - Max Vaule for:pi(2,3,ADP) = [ADP,,]
22:02:04,154 - [main] INFO  com.Technion.ie.BaseLine.CkyAlg  - value for pi(2,3,ADP) :is-1.0
22:02:04,168 - [main] INFO  com.Technion.ie.BaseLine.CkyAlg  - checking:pi(2,3,NP+NUM) = q(NP+NUM->,)
22:02:04,169 - [main] INFO  com.Technion.ie.BaseLine.CkyAlg  - Max Vaule for:pi(2,3,NP+NUM) = [NP+NUM,,]
22:02:04,171 - [main] INFO  com.Technion.ie.BaseLine.CkyAlg  - value for pi(2,3,NP+NUM) :is-1.0
22:02:04,306 - [main] INFO  com.Technion.ie.BaseLine.CkyAlg  - checking:pi(2,4,PP) = q(PP->,)
22:02:04,307 - [main] INFO  com.Technion.ie.BaseLine.CkyAlg  - Max Vaule for:pi(2,4,PP) = [PP,,]
22:02:04,309 - [main] INFO  com.Technion.ie.BaseLine.CkyAlg  - value for pi(2,4,PP) :is-1.0
22:02:04,331 - [main] INFO  com.Technion.ie.BaseLine.CkyAlg  - checking:pi(2,4,PP+ADP) = q(PP+ADP->,)
22:02:04,332 - [main] INFO  com.Technion.ie.BaseLine.CkyAlg  - Max Vaule for:pi(2,4,PP+ADP) = [PP+ADP,,]
22:02:04,334 - [main] INFO  com.Technion.ie.BaseLine.CkyAlg  - value for pi(2,4,PP+ADP) :is-1.0
22:02:04,346 - [main] INFO  com.Technion.ie.BaseLine.CkyAlg  - checking:pi(2,4,ADVP+ADV) = q(ADVP+ADV->,)
22:02:04,348 - [main] INFO  com.Technion.ie.BaseLine.CkyAlg  - Max Vaule for:pi(2,4,ADVP+ADV) = [ADVP+ADV,,]
22:02:04,350 - [main] INFO  com.Technion.ie.BaseLine.CkyAlg  - value for pi(2,4,ADVP+ADV) :is-1.0
22:02:04,437 - [main] INFO  com.Technion.ie.BaseLine.CkyAlg  - checking:pi(1,3,PRON) = q(PRON->,)
22:02:04,438 - [main] INFO  com.Technion.ie.BaseLine.CkyAlg  - Max Vaule for:pi(1,3,PRON) = [PRON,,]
22:02:04,440 - [main] INFO  com.Technion.ie.BaseLine.CkyAlg  - value for pi(1,3,PRON) :is-1.0
22:02:04,463 - [main] INFO  com.Technion.ie.BaseLine.CkyAlg  - checking:pi(1,3,NP+NUM) = q(NP+NUM->,)
22:02:04,465 - [main] INFO  com.Technion.ie.BaseLine.CkyAlg  - Max Vaule for:pi(1,3,NP+NUM) = [NP+NUM,,]
22:02:04,466 - [main] INFO  com.Technion.ie.BaseLine.CkyAlg  - value for pi(1,3,NP+NUM) :is-1.0
22:02:04,472 - [main] INFO  com.Technion.ie.BaseLine.CkyAlg  - checking:pi(2,4,NOUN) = q(NOUN->,)
22:02:04,473 - [main] INFO  com.Technion.ie.BaseLine.CkyAlg  - Max Vaule for:pi(2,4,NOUN) = [NOUN,,]
22:02:04,475 - [main] INFO  com.Technion.ie.BaseLine.CkyAlg  - value for pi(2,4,NOUN) :is-1.0
22:02:04,696 - [main] INFO  com.Technion.ie.BaseLine.CkyAlg  - checking:pi(2,3,VERB) = q(VERB->,)
22:02:04,697 - [main] INFO  com.Technion.ie.BaseLine.CkyAlg  - Max Vaule for:pi(2,3,VERB) = [VERB,,]
22:02:04,699 - [main] INFO  com.Technion.ie.BaseLine.CkyAlg  - value for pi(2,3,VERB) :is-1.0
22:02:04,734 - [main] INFO  com.Technion.ie.BaseLine.CkyAlg  - checking:pi(1,3,ADJP) = q(ADJP->,)
22:02:04,736 - [main] INFO  com.Technion.ie.BaseLine.CkyAlg  - Max Vaule for:pi(1,3,ADJP) = [ADJP,,]
22:02:04,737 - [main] INFO  com.Technion.ie.BaseLine.CkyAlg  - value for pi(1,3,ADJP) :is-1.0
22:02:04,778 - [main] INFO  com.Technion.ie.BaseLine.CkyAlg  - checking:pi(1,3,DET) = q(DET->,)
22:02:04,780 - [main] INFO  com.Technion.ie.BaseLine.CkyAlg  - Max Vaule for:pi(1,3,DET) = [DET,,]
22:02:04,781 - [main] INFO  com.Technion.ie.BaseLine.CkyAlg  - value for pi(1,3,DET) :is-1.0
22:02:04,812 - [main] INFO  com.Technion.ie.BaseLine.CkyAlg  - checking:pi(1,3,NP+DET) = q(NP+DET->,)
22:02:04,813 - [main] INFO  com.Technion.ie.BaseLine.CkyAlg  - Max Vaule for:pi(1,3,NP+DET) = [NP+DET,,]
22:02:04,814 - [main] INFO  com.Technion.ie.BaseLine.CkyAlg  - value for pi(1,3,NP+DET) :is-1.0
22:02:04,830 - [main] INFO  com.Technion.ie.BaseLine.CkyAlg  - checking:pi(2,4,ADV) = q(ADV->,)
22:02:04,831 - [main] INFO  com.Technion.ie.BaseLine.CkyAlg  - Max Vaule for:pi(2,4,ADV) = [ADV,,]
22:02:04,833 - [main] INFO  com.Technion.ie.BaseLine.CkyAlg  - value for pi(2,4,ADV) :is-1.0
22:02:04,895 - [main] INFO  com.Technion.ie.BaseLine.CkyAlg  - checking:pi(2,4,.) = q(.->,)
22:02:04,896 - [main] INFO  com.Technion.ie.BaseLine.CkyAlg  - Max Vaule for:pi(2,4,.) = [.,,]
22:02:04,897 - [main] INFO  com.Technion.ie.BaseLine.CkyAlg  - value for pi(2,4,.) :is-1.0
22:02:04,935 - [main] INFO  com.Technion.ie.BaseLine.CkyAlg  - checking:pi(1,3,ADV) = q(ADV->,)
22:02:04,937 - [main] INFO  com.Technion.ie.BaseLine.CkyAlg  - Max Vaule for:pi(1,3,ADV) = [ADV,,]
22:02:04,938 - [main] INFO  com.Technion.ie.BaseLine.CkyAlg  - value for pi(1,3,ADV) :is-1.0
22:02:04,965 - [main] INFO  com.Technion.ie.BaseLine.CkyAlg  - checking:pi(2,3,WHPP) = q(WHPP->,)
22:02:04,966 - [main] INFO  com.Technion.ie.BaseLine.CkyAlg  - Max Vaule for:pi(2,3,WHPP) = [WHPP,,]
22:02:04,968 - [main] INFO  com.Technion.ie.BaseLine.CkyAlg  - value for pi(2,3,WHPP) :is-1.0
22:02:04,976 - [main] INFO  com.Technion.ie.BaseLine.CkyAlg  - checking:pi(2,3,WHNP+DET) = q(WHNP+DET->,)
22:02:04,977 - [main] INFO  com.Technion.ie.BaseLine.CkyAlg  - Max Vaule for:pi(2,3,WHNP+DET) = [WHNP+DET,,]
22:02:04,979 - [main] INFO  com.Technion.ie.BaseLine.CkyAlg  - value for pi(2,3,WHNP+DET) :is-1.0
22:02:05,062 - [main] INFO  com.Technion.ie.BaseLine.CkyAlg  - checking:pi(2,3,WHNP) = q(WHNP->,)
22:02:05,063 - [main] INFO  com.Technion.ie.BaseLine.CkyAlg  - Max Vaule for:pi(2,3,WHNP) = [WHNP,,]
22:02:05,065 - [main] INFO  com.Technion.ie.BaseLine.CkyAlg  - value for pi(2,3,WHNP) :is-1.0
22:02:05,073 - [main] INFO  com.Technion.ie.BaseLine.CkyAlg  - checking:pi(2,3,WHADVP+ADV) = q(WHADVP+ADV->,)
22:02:05,074 - [main] INFO  com.Technion.ie.BaseLine.CkyAlg  - Max Vaule for:pi(2,3,WHADVP+ADV) = [WHADVP+ADV,,]
22:02:05,075 - [main] INFO  com.Technion.ie.BaseLine.CkyAlg  - value for pi(2,3,WHADVP+ADV) :is-1.0
